TpTrace Verbose: 0 : 23860, 1, 2024/07/02, 09:55:43.346, 15405359056018, vstest.console.dll, Version: 17.8.0-release-23615-02 Current process architecture: X64
TpTrace Verbose: 0 : 23860, 1, 2024/07/02, 09:55:43.350, 15405359090839, vstest.console.dll, Runtime location: C:\Program Files\dotnet\shared\Microsoft.NETCore.App\8.0.2
TpTrace Verbose: 0 : 23860, 1, 2024/07/02, 09:55:43.353, 15405359123486, vstest.console.dll, ArtifactProcessingPostProcessModeProcessorExecutor.Initialize: ArtifactProcessingMode.Collect
TpTrace Verbose: 0 : 23860, 1, 2024/07/02, 09:55:43.353, 15405359125249, vstest.console.dll, TestSessionCorrelationIdProcessorModeProcessorExecutor.Initialize: TestSessionCorrelationId '28052_e2ef7704-4588-4eab-bd40-1474a13027cd'
TpTrace Information: 0 : 23860, 1, 2024/07/02, 09:55:43.374, 15405359329518, vstest.console.dll, FilePatternParser: The given file C:\Dev\Tweedekamer\Tweedekamer.Tests\bin\Debug\net8.0\fine-code-coverage\build-output\Tweedekamer.Tests.dll is a full path.
TpTrace Verbose: 0 : 23860, 1, 2024/07/02, 09:55:43.382, 15405359410298, vstest.console.dll, TestPluginCache.DiscoverTestExtensions: finding test extensions in assemblies ends with: RuntimeProvider.dll TPluginInfo: Microsoft.VisualStudio.TestPlatform.Common.ExtensionFramework.Utilities.TestRuntimePluginInformation TExtension: Microsoft.VisualStudio.TestPlatform.ObjectModel.Host.ITestRuntimeProvider
TpTrace Verbose: 0 : 23860, 1, 2024/07/02, 09:55:43.382, 15405359414567, vstest.console.dll, TestPluginCache.GetExtensionPaths: Filtered extension paths: 
TpTrace Verbose: 0 : 23860, 1, 2024/07/02, 09:55:43.382, 15405359416044, vstest.console.dll, TestPluginCache.GetExtensionPaths: Added default extension paths: C:\Program Files\dotnet\sdk\8.0.102\Extensions\Microsoft.Diagnostics.NETCore.Client.dll
C:\Program Files\dotnet\sdk\8.0.102\Extensions\Microsoft.TestPlatform.Extensions.BlameDataCollector.dll
C:\Program Files\dotnet\sdk\8.0.102\Extensions\Microsoft.TestPlatform.Extensions.EventLogCollector.dll
C:\Program Files\dotnet\sdk\8.0.102\Extensions\Microsoft.TestPlatform.TestHostRuntimeProvider.dll
C:\Program Files\dotnet\sdk\8.0.102\Extensions\Microsoft.VisualStudio.TestPlatform.Extensions.Html.TestLogger.dll
C:\Program Files\dotnet\sdk\8.0.102\Extensions\Microsoft.VisualStudio.TestPlatform.Extensions.Trx.TestLogger.dll
TpTrace Verbose: 0 : 23860, 1, 2024/07/02, 09:55:43.382, 15405359416863, vstest.console.dll, TestPluginCache.GetExtensionPaths: Added unfilterableExtensionPaths: 
TpTrace Information: 0 : 23860, 1, 2024/07/02, 09:55:43.383, 15405359423626, vstest.console.dll, AssemblyResolver.ctor: Creating AssemblyResolver with searchDirectories C:\Program Files\dotnet\sdk\8.0.102\Extensions,C:\Program Files\dotnet\sdk\8.0.102
TpTrace Verbose: 0 : 23860, 1, 2024/07/02, 09:55:43.385, 15405359444041, vstest.console.dll, TestPluginCache.DiscoverTestExtensions: Discovering the extensions using extension path.
TpTrace Verbose: 0 : 23860, 1, 2024/07/02, 09:55:43.385, 15405359445723, vstest.console.dll, TestPluginCache.GetExtensionPaths: Filtered extension paths: 
TpTrace Verbose: 0 : 23860, 1, 2024/07/02, 09:55:43.385, 15405359446451, vstest.console.dll, TestPluginCache.GetExtensionPaths: Added default extension paths: C:\Program Files\dotnet\sdk\8.0.102\Extensions\Microsoft.Diagnostics.NETCore.Client.dll
C:\Program Files\dotnet\sdk\8.0.102\Extensions\Microsoft.TestPlatform.Extensions.BlameDataCollector.dll
C:\Program Files\dotnet\sdk\8.0.102\Extensions\Microsoft.TestPlatform.Extensions.EventLogCollector.dll
C:\Program Files\dotnet\sdk\8.0.102\Extensions\Microsoft.TestPlatform.TestHostRuntimeProvider.dll
C:\Program Files\dotnet\sdk\8.0.102\Extensions\Microsoft.VisualStudio.TestPlatform.Extensions.Html.TestLogger.dll
C:\Program Files\dotnet\sdk\8.0.102\Extensions\Microsoft.VisualStudio.TestPlatform.Extensions.Trx.TestLogger.dll
TpTrace Verbose: 0 : 23860, 1, 2024/07/02, 09:55:43.385, 15405359447096, vstest.console.dll, TestPluginCache.GetExtensionPaths: Added unfilterableExtensionPaths: 
TpTrace Verbose: 0 : 23860, 1, 2024/07/02, 09:55:43.385, 15405359448032, vstest.console.dll, TestPluginCache.DiscoverTestExtensions: Discovering the extensions using allExtensionPaths: C:\Program Files\dotnet\sdk\8.0.102\Extensions\Microsoft.Diagnostics.NETCore.Client.dll
C:\Program Files\dotnet\sdk\8.0.102\Extensions\Microsoft.TestPlatform.Extensions.BlameDataCollector.dll
C:\Program Files\dotnet\sdk\8.0.102\Extensions\Microsoft.TestPlatform.Extensions.EventLogCollector.dll
C:\Program Files\dotnet\sdk\8.0.102\Extensions\Microsoft.TestPlatform.TestHostRuntimeProvider.dll
C:\Program Files\dotnet\sdk\8.0.102\Extensions\Microsoft.VisualStudio.TestPlatform.Extensions.Html.TestLogger.dll
C:\Program Files\dotnet\sdk\8.0.102\Extensions\Microsoft.VisualStudio.TestPlatform.Extensions.Trx.TestLogger.dll
TpTrace Information: 0 : 23860, 1, 2024/07/02, 09:55:43.386, 15405359449962, vstest.console.dll, AssemblyResolver.AddSearchDirectories: Adding more searchDirectories C:\Program Files\dotnet\sdk\8.0.102\Extensions,C:\Program Files\dotnet\sdk\8.0.102
TpTrace Information: 0 : 23860, 1, 2024/07/02, 09:55:43.386, 15405359450904, vstest.console.dll, AssemblyResolver.AddSearchDirectories: Adding more searchDirectories C:\Program Files\dotnet\sdk\8.0.102\Extensions,C:\Program Files\dotnet\sdk\8.0.102
TpTrace Information: 0 : 23860, 1, 2024/07/02, 09:55:43.386, 15405359451573, vstest.console.dll, AssemblyResolver.AddSearchDirectories: Adding more searchDirectories C:\Program Files\dotnet\sdk\8.0.102\Extensions,C:\Program Files\dotnet\sdk\8.0.102
TpTrace Information: 0 : 23860, 1, 2024/07/02, 09:55:43.386, 15405359452238, vstest.console.dll, AssemblyResolver.AddSearchDirectories: Adding more searchDirectories C:\Program Files\dotnet\sdk\8.0.102\Extensions,C:\Program Files\dotnet\sdk\8.0.102
TpTrace Information: 0 : 23860, 1, 2024/07/02, 09:55:43.386, 15405359452832, vstest.console.dll, AssemblyResolver.AddSearchDirectories: Adding more searchDirectories C:\Program Files\dotnet\sdk\8.0.102\Extensions,C:\Program Files\dotnet\sdk\8.0.102
TpTrace Information: 0 : 23860, 1, 2024/07/02, 09:55:43.386, 15405359453438, vstest.console.dll, AssemblyResolver.AddSearchDirectories: Adding more searchDirectories C:\Program Files\dotnet\sdk\8.0.102\Extensions,C:\Program Files\dotnet\sdk\8.0.102
TpTrace Information: 0 : 23860, 1, 2024/07/02, 09:55:43.387, 15405359460035, vstest.console.dll, AssemblyResolver.OnResolve: Microsoft.Diagnostics.NETCore.Client: Resolving assembly.
TpTrace Information: 0 : 23860, 1, 2024/07/02, 09:55:43.387, 15405359461397, vstest.console.dll, AssemblyResolver.OnResolve: Microsoft.Diagnostics.NETCore.Client: Searching in: 'C:\Program Files\dotnet\sdk\8.0.102\Extensions'.
TpTrace Information: 0 : 23860, 1, 2024/07/02, 09:55:43.399, 15405359580122, vstest.console.dll, AssemblyResolver.OnResolve: Microsoft.Diagnostics.NETCore.Client: Loading assembly 'C:\Program Files\dotnet\sdk\8.0.102\Extensions\Microsoft.Diagnostics.NETCore.Client.dll'.
TpTrace Information: 0 : 23860, 1, 2024/07/02, 09:55:43.400, 15405359595645, vstest.console.dll, AssemblyResolver.OnResolve: Resolved assembly: Microsoft.Diagnostics.NETCore.Client, from path: C:\Program Files\dotnet\sdk\8.0.102\Extensions\Microsoft.Diagnostics.NETCore.Client.dll
TpTrace Verbose: 0 : 23860, 1, 2024/07/02, 09:55:43.405, 15405359644060, vstest.console.dll, MetadataReaderExtensionsHelper: Discovering extensions inside assembly 'Microsoft.Diagnostics.NETCore.Client, Version=0.2.8.21101, Culture=neutral, PublicKeyToken=31bf3856ad364e35' file path 'C:\Program Files\dotnet\sdk\8.0.102\Extensions\Microsoft.Diagnostics.NETCore.Client.dll'
TpTrace Information: 0 : 23860, 1, 2024/07/02, 09:55:43.415, 15405359741967, vstest.console.dll, AssemblyResolver.OnResolve: Microsoft.Bcl.AsyncInterfaces: Resolving assembly.
TpTrace Information: 0 : 23860, 1, 2024/07/02, 09:55:43.415, 15405359743366, vstest.console.dll, AssemblyResolver.OnResolve: Microsoft.Bcl.AsyncInterfaces: Searching in: 'C:\Program Files\dotnet\sdk\8.0.102\Extensions'.
TpTrace Information: 0 : 23860, 1, 2024/07/02, 09:55:43.415, 15405359744527, vstest.console.dll, AssemblyResolver.OnResolve: Microsoft.Bcl.AsyncInterfaces: Assembly path does not exist: 'C:\Program Files\dotnet\sdk\8.0.102\Extensions\Microsoft.Bcl.AsyncInterfaces.dll', returning.
TpTrace Information: 0 : 23860, 1, 2024/07/02, 09:55:43.415, 15405359746110, vstest.console.dll, AssemblyResolver.OnResolve: Microsoft.Bcl.AsyncInterfaces: Assembly path does not exist: 'C:\Program Files\dotnet\sdk\8.0.102\Extensions\Microsoft.Bcl.AsyncInterfaces.exe', returning.
TpTrace Information: 0 : 23860, 1, 2024/07/02, 09:55:43.415, 15405359746794, vstest.console.dll, AssemblyResolver.OnResolve: Microsoft.Bcl.AsyncInterfaces: Searching in: 'C:\Program Files\dotnet\sdk\8.0.102'.
TpTrace Information: 0 : 23860, 1, 2024/07/02, 09:55:43.415, 15405359747702, vstest.console.dll, AssemblyResolver.OnResolve: Microsoft.Bcl.AsyncInterfaces: Assembly path does not exist: 'C:\Program Files\dotnet\sdk\8.0.102\Microsoft.Bcl.AsyncInterfaces.dll', returning.
TpTrace Information: 0 : 23860, 1, 2024/07/02, 09:55:43.415, 15405359748614, vstest.console.dll, AssemblyResolver.OnResolve: Microsoft.Bcl.AsyncInterfaces: Assembly path does not exist: 'C:\Program Files\dotnet\sdk\8.0.102\Microsoft.Bcl.AsyncInterfaces.exe', returning.
TpTrace Information: 0 : 23860, 1, 2024/07/02, 09:55:43.416, 15405359749329, vstest.console.dll, AssemblyResolver.OnResolve: Microsoft.Bcl.AsyncInterfaces: Failed to load assembly.
TpTrace Verbose: 0 : 23860, 1, 2024/07/02, 09:55:43.416, 15405359749924, vstest.console.dll, CurrentDomainAssemblyResolve: Resolving assembly 'Microsoft.Bcl.AsyncInterfaces'.
TpTrace Information: 0 : 23860, 1, 2024/07/02, 09:55:43.416, 15405359750837, vstest.console.dll, AssemblyResolver.OnResolve: Microsoft.Bcl.AsyncInterfaces: Resolving assembly.
TpTrace Information: 0 : 23860, 1, 2024/07/02, 09:55:43.416, 15405359751484, vstest.console.dll, AssemblyResolver.OnResolve: Microsoft.Bcl.AsyncInterfaces: Resolved from cache.
TpTrace Verbose: 0 : 23860, 1, 2024/07/02, 09:55:43.416, 15405359751985, vstest.console.dll, CurrentDomainAssemblyResolve: Resolving assembly 'Microsoft.Bcl.AsyncInterfaces'.
TpTrace Verbose: 0 : 23860, 1, 2024/07/02, 09:55:43.416, 15405359752556, vstest.console.dll, CurrentDomainAssemblyResolve: Failed to resolve assembly 'Microsoft.Bcl.AsyncInterfaces'.
TpTrace Verbose: 0 : 23860, 1, 2024/07/02, 09:55:43.417, 15405359763440, vstest.console.dll, CurrentDomainAssemblyResolve: Failed to resolve assembly 'Microsoft.Bcl.AsyncInterfaces'.
TpTrace Warning: 0 : 23860, 1, 2024/07/02, 09:55:43.431, 15405359906621, vstest.console.dll, TestPluginDiscoverer: Failed to get types from assembly 'Microsoft.Diagnostics.NETCore.Client, Version=0.2.8.21101, Culture=neutral, PublicKeyToken=31bf3856ad364e35'. Error: System.Reflection.ReflectionTypeLoadException: Unable to load one or more of the requested types.
Could not load file or assembly 'Microsoft.Bcl.AsyncInterfaces, Version=1.0.0.0, Culture=neutral, PublicKeyToken=cc7b13ffcd2ddd51'. The system cannot find the file specified.
   at System.Reflection.RuntimeModule.GetTypes(RuntimeModule module)
   at System.Reflection.RuntimeModule.GetTypes()
   at Microsoft.VisualStudio.TestPlatform.Common.ExtensionFramework.TestPluginDiscoverer.GetTestExtensionsFromAssembly[TPluginInfo,TExtension](Assembly assembly, Dictionary`2 pluginInfos, String filePath) in /_/src/Microsoft.TestPlatform.Common/ExtensionFramework/TestPluginDiscoverer.cs:line 158
System.IO.FileNotFoundException: Could not load file or assembly 'Microsoft.Bcl.AsyncInterfaces, Version=1.0.0.0, Culture=neutral, PublicKeyToken=cc7b13ffcd2ddd51'. The system cannot find the file specified.
File name: 'Microsoft.Bcl.AsyncInterfaces, Version=1.0.0.0, Culture=neutral, PublicKeyToken=cc7b13ffcd2ddd51'
 ---> System.IO.FileNotFoundException: Could not load file or assembly 'Microsoft.Bcl.AsyncInterfaces, Culture=neutral, PublicKeyToken=null'. The system cannot find the file specified.
File name: 'Microsoft.Bcl.AsyncInterfaces, Culture=neutral, PublicKeyToken=null'
   at System.Reflection.RuntimeAssembly.InternalLoad(AssemblyName assemblyName, StackCrawlMark& stackMark, AssemblyLoadContext assemblyLoadContext, RuntimeAssembly requestingAssembly, Boolean throwOnFileNotFound)
   at System.Reflection.Assembly.Load(AssemblyName assemblyRef)
   at Microsoft.VisualStudio.TestPlatform.Common.ExtensionFramework.TestPluginCache.CurrentDomainAssemblyResolve(Object sender, AssemblyResolveEventArgs args) in /_/src/Microsoft.TestPlatform.Common/ExtensionFramework/TestPluginCache.cs:line 513
   at System.Runtime.Loader.AssemblyLoadContext.GetFirstResolvedAssemblyFromResolvingEvent(AssemblyName assemblyName)
   at System.Runtime.Loader.AssemblyLoadContext.ResolveUsingEvent(AssemblyName assemblyName)
   at System.Runtime.Loader.AssemblyLoadContext.ResolveUsingResolvingEvent(IntPtr gchManagedAssemblyLoadContext, AssemblyName assemblyName)
TpTrace Warning: 0 : 23860, 1, 2024/07/02, 09:55:43.432, 15405359910639, vstest.console.dll, LoaderExceptions: System.IO.FileNotFoundException: Could not load file or assembly 'Microsoft.Bcl.AsyncInterfaces, Version=1.0.0.0, Culture=neutral, PublicKeyToken=cc7b13ffcd2ddd51'. The system cannot find the file specified.
File name: 'Microsoft.Bcl.AsyncInterfaces, Version=1.0.0.0, Culture=neutral, PublicKeyToken=cc7b13ffcd2ddd51'
 ---> System.IO.FileNotFoundException: Could not load file or assembly 'Microsoft.Bcl.AsyncInterfaces, Culture=neutral, PublicKeyToken=null'. The system cannot find the file specified.
File name: 'Microsoft.Bcl.AsyncInterfaces, Culture=neutral, PublicKeyToken=null'
   at System.Reflection.RuntimeAssembly.InternalLoad(AssemblyName assemblyName, StackCrawlMark& stackMark, AssemblyLoadContext assemblyLoadContext, RuntimeAssembly requestingAssembly, Boolean throwOnFileNotFound)
   at System.Reflection.Assembly.Load(AssemblyName assemblyRef)
   at Microsoft.VisualStudio.TestPlatform.Common.ExtensionFramework.TestPluginCache.CurrentDomainAssemblyResolve(Object sender, AssemblyResolveEventArgs args) in /_/src/Microsoft.TestPlatform.Common/ExtensionFramework/TestPluginCache.cs:line 513
   at System.Runtime.Loader.AssemblyLoadContext.GetFirstResolvedAssemblyFromResolvingEvent(AssemblyName assemblyName)
   at System.Runtime.Loader.AssemblyLoadContext.ResolveUsingEvent(AssemblyName assemblyName)
   at System.Runtime.Loader.AssemblyLoadContext.ResolveUsingResolvingEvent(IntPtr gchManagedAssemblyLoadContext, AssemblyName assemblyName)
TpTrace Information: 0 : 23860, 1, 2024/07/02, 09:55:43.432, 15405359912443, vstest.console.dll, AssemblyResolver.OnResolve: Microsoft.TestPlatform.Extensions.BlameDataCollector: Resolving assembly.
TpTrace Information: 0 : 23860, 1, 2024/07/02, 09:55:43.432, 15405359913263, vstest.console.dll, AssemblyResolver.OnResolve: Microsoft.TestPlatform.Extensions.BlameDataCollector: Searching in: 'C:\Program Files\dotnet\sdk\8.0.102\Extensions'.
TpTrace Information: 0 : 23860, 1, 2024/07/02, 09:55:43.432, 15405359918690, vstest.console.dll, AssemblyResolver.OnResolve: Microsoft.TestPlatform.Extensions.BlameDataCollector: Loading assembly 'C:\Program Files\dotnet\sdk\8.0.102\Extensions\Microsoft.TestPlatform.Extensions.BlameDataCollector.dll'.
TpTrace Information: 0 : 23860, 1, 2024/07/02, 09:55:43.434, 15405359934390, vstest.console.dll, AssemblyResolver.OnResolve: Resolved assembly: Microsoft.TestPlatform.Extensions.BlameDataCollector, from path: C:\Program Files\dotnet\sdk\8.0.102\Extensions\Microsoft.TestPlatform.Extensions.BlameDataCollector.dll
TpTrace Verbose: 0 : 23860, 1, 2024/07/02, 09:55:43.434, 15405359935584, vstest.console.dll, MetadataReaderExtensionsHelper: Discovering extensions inside assembly 'Microsoft.TestPlatform.Extensions.BlameDataCollector, Version=15.0.0.0, Culture=neutral, PublicKeyToken=b03f5f7f11d50a3a' file path 'C:\Program Files\dotnet\sdk\8.0.102\Extensions\Microsoft.TestPlatform.Extensions.BlameDataCollector.dll'
TpTrace Information: 0 : 23860, 1, 2024/07/02, 09:55:43.436, 15405359952574, vstest.console.dll, AssemblyResolver.OnResolve: Microsoft.TestPlatform.Extensions.EventLogCollector: Resolving assembly.
TpTrace Information: 0 : 23860, 1, 2024/07/02, 09:55:43.436, 15405359953601, vstest.console.dll, AssemblyResolver.OnResolve: Microsoft.TestPlatform.Extensions.EventLogCollector: Searching in: 'C:\Program Files\dotnet\sdk\8.0.102\Extensions'.
TpTrace Information: 0 : 23860, 1, 2024/07/02, 09:55:43.436, 15405359958783, vstest.console.dll, AssemblyResolver.OnResolve: Microsoft.TestPlatform.Extensions.EventLogCollector: Loading assembly 'C:\Program Files\dotnet\sdk\8.0.102\Extensions\Microsoft.TestPlatform.Extensions.EventLogCollector.dll'.
TpTrace Information: 0 : 23860, 1, 2024/07/02, 09:55:43.437, 15405359966126, vstest.console.dll, AssemblyResolver.OnResolve: Resolved assembly: Microsoft.TestPlatform.Extensions.EventLogCollector, from path: C:\Program Files\dotnet\sdk\8.0.102\Extensions\Microsoft.TestPlatform.Extensions.EventLogCollector.dll
TpTrace Verbose: 0 : 23860, 1, 2024/07/02, 09:55:43.437, 15405359967422, vstest.console.dll, MetadataReaderExtensionsHelper: Discovering extensions inside assembly 'Microsoft.TestPlatform.Extensions.EventLogCollector, Version=15.0.0.0, Culture=neutral, PublicKeyToken=b03f5f7f11d50a3a' file path 'C:\Program Files\dotnet\sdk\8.0.102\Extensions\Microsoft.TestPlatform.Extensions.EventLogCollector.dll'
TpTrace Information: 0 : 23860, 1, 2024/07/02, 09:55:43.441, 15405360004212, vstest.console.dll, AssemblyResolver.OnResolve: Microsoft.TestPlatform.TestHostRuntimeProvider: Resolving assembly.
TpTrace Information: 0 : 23860, 1, 2024/07/02, 09:55:43.441, 15405360005442, vstest.console.dll, AssemblyResolver.OnResolve: Microsoft.TestPlatform.TestHostRuntimeProvider: Searching in: 'C:\Program Files\dotnet\sdk\8.0.102\Extensions'.
TpTrace Information: 0 : 23860, 1, 2024/07/02, 09:55:43.442, 15405360010284, vstest.console.dll, AssemblyResolver.OnResolve: Microsoft.TestPlatform.TestHostRuntimeProvider: Loading assembly 'C:\Program Files\dotnet\sdk\8.0.102\Extensions\Microsoft.TestPlatform.TestHostRuntimeProvider.dll'.
TpTrace Information: 0 : 23860, 1, 2024/07/02, 09:55:43.443, 15405360024660, vstest.console.dll, AssemblyResolver.OnResolve: Resolved assembly: Microsoft.TestPlatform.TestHostRuntimeProvider, from path: C:\Program Files\dotnet\sdk\8.0.102\Extensions\Microsoft.TestPlatform.TestHostRuntimeProvider.dll
TpTrace Verbose: 0 : 23860, 1, 2024/07/02, 09:55:43.443, 15405360025696, vstest.console.dll, MetadataReaderExtensionsHelper: Discovering extensions inside assembly 'Microsoft.TestPlatform.TestHostRuntimeProvider, Version=15.0.0.0, Culture=neutral, PublicKeyToken=b03f5f7f11d50a3a' file path 'C:\Program Files\dotnet\sdk\8.0.102\Extensions\Microsoft.TestPlatform.TestHostRuntimeProvider.dll'
TpTrace Information: 0 : 23860, 1, 2024/07/02, 09:55:43.445, 15405360042547, vstest.console.dll, GetTestExtensionFromType: Register extension with identifier data 'HostProvider://DefaultTestHost' and type 'Microsoft.VisualStudio.TestPlatform.CrossPlatEngine.Hosting.DefaultTestHostManager, Microsoft.TestPlatform.TestHostRuntimeProvider, Version=15.0.0.0, Culture=neutral, PublicKeyToken=b03f5f7f11d50a3a' inside file 'C:\Program Files\dotnet\sdk\8.0.102\Extensions\Microsoft.TestPlatform.TestHostRuntimeProvider.dll'
TpTrace Information: 0 : 23860, 1, 2024/07/02, 09:55:43.445, 15405360045371, vstest.console.dll, GetTestExtensionFromType: Register extension with identifier data 'HostProvider://DotnetTestHost' and type 'Microsoft.VisualStudio.TestPlatform.CrossPlatEngine.Hosting.DotnetTestHostManager, Microsoft.TestPlatform.TestHostRuntimeProvider, Version=15.0.0.0, Culture=neutral, PublicKeyToken=b03f5f7f11d50a3a' inside file 'C:\Program Files\dotnet\sdk\8.0.102\Extensions\Microsoft.TestPlatform.TestHostRuntimeProvider.dll'
TpTrace Information: 0 : 23860, 1, 2024/07/02, 09:55:43.445, 15405360046460, vstest.console.dll, AssemblyResolver.OnResolve: Microsoft.VisualStudio.TestPlatform.Extensions.Html.TestLogger: Resolving assembly.
TpTrace Information: 0 : 23860, 1, 2024/07/02, 09:55:43.445, 15405360047228, vstest.console.dll, AssemblyResolver.OnResolve: Microsoft.VisualStudio.TestPlatform.Extensions.Html.TestLogger: Searching in: 'C:\Program Files\dotnet\sdk\8.0.102\Extensions'.
TpTrace Information: 0 : 23860, 1, 2024/07/02, 09:55:43.446, 15405360052567, vstest.console.dll, AssemblyResolver.OnResolve: Microsoft.VisualStudio.TestPlatform.Extensions.Html.TestLogger: Loading assembly 'C:\Program Files\dotnet\sdk\8.0.102\Extensions\Microsoft.VisualStudio.TestPlatform.Extensions.Html.TestLogger.dll'.
TpTrace Information: 0 : 23860, 1, 2024/07/02, 09:55:43.447, 15405360066933, vstest.console.dll, AssemblyResolver.OnResolve: Resolved assembly: Microsoft.VisualStudio.TestPlatform.Extensions.Html.TestLogger, from path: C:\Program Files\dotnet\sdk\8.0.102\Extensions\Microsoft.VisualStudio.TestPlatform.Extensions.Html.TestLogger.dll
TpTrace Verbose: 0 : 23860, 1, 2024/07/02, 09:55:43.447, 15405360068007, vstest.console.dll, MetadataReaderExtensionsHelper: Discovering extensions inside assembly 'Microsoft.VisualStudio.TestPlatform.Extensions.Html.TestLogger, Version=15.0.0.0, Culture=neutral, PublicKeyToken=b03f5f7f11d50a3a' file path 'C:\Program Files\dotnet\sdk\8.0.102\Extensions\Microsoft.VisualStudio.TestPlatform.Extensions.Html.TestLogger.dll'
TpTrace Information: 0 : 23860, 1, 2024/07/02, 09:55:43.449, 15405360080886, vstest.console.dll, AssemblyResolver.OnResolve: Microsoft.VisualStudio.TestPlatform.Extensions.Trx.TestLogger: Resolving assembly.
TpTrace Information: 0 : 23860, 1, 2024/07/02, 09:55:43.449, 15405360082412, vstest.console.dll, AssemblyResolver.OnResolve: Microsoft.VisualStudio.TestPlatform.Extensions.Trx.TestLogger: Searching in: 'C:\Program Files\dotnet\sdk\8.0.102\Extensions'.
TpTrace Information: 0 : 23860, 1, 2024/07/02, 09:55:43.449, 15405360087817, vstest.console.dll, AssemblyResolver.OnResolve: Microsoft.VisualStudio.TestPlatform.Extensions.Trx.TestLogger: Loading assembly 'C:\Program Files\dotnet\sdk\8.0.102\Extensions\Microsoft.VisualStudio.TestPlatform.Extensions.Trx.TestLogger.dll'.
TpTrace Information: 0 : 23860, 1, 2024/07/02, 09:55:43.451, 15405360104962, vstest.console.dll, AssemblyResolver.OnResolve: Resolved assembly: Microsoft.VisualStudio.TestPlatform.Extensions.Trx.TestLogger, from path: C:\Program Files\dotnet\sdk\8.0.102\Extensions\Microsoft.VisualStudio.TestPlatform.Extensions.Trx.TestLogger.dll
TpTrace Verbose: 0 : 23860, 1, 2024/07/02, 09:55:43.451, 15405360106121, vstest.console.dll, MetadataReaderExtensionsHelper: Discovering extensions inside assembly 'Microsoft.VisualStudio.TestPlatform.Extensions.Trx.TestLogger, Version=15.0.0.0, Culture=neutral, PublicKeyToken=b03f5f7f11d50a3a' file path 'C:\Program Files\dotnet\sdk\8.0.102\Extensions\Microsoft.VisualStudio.TestPlatform.Extensions.Trx.TestLogger.dll'
TpTrace Verbose: 0 : 23860, 1, 2024/07/02, 09:55:43.453, 15405360121202, vstest.console.dll, TestPluginCache: Discovered the extensions using extension path ''.
TpTrace Verbose: 0 : 23860, 1, 2024/07/02, 09:55:43.453, 15405360122581, vstest.console.dll, TestPluginCache: Discoverers are ''.
TpTrace Verbose: 0 : 23860, 1, 2024/07/02, 09:55:43.453, 15405360123508, vstest.console.dll, TestPluginCache: Executors are ''.
TpTrace Verbose: 0 : 23860, 1, 2024/07/02, 09:55:43.453, 15405360123989, vstest.console.dll, TestPluginCache: Executors2 are ''.
TpTrace Verbose: 0 : 23860, 1, 2024/07/02, 09:55:43.453, 15405360124583, vstest.console.dll, TestPluginCache: Setting providers are ''.
TpTrace Verbose: 0 : 23860, 1, 2024/07/02, 09:55:43.453, 15405360125217, vstest.console.dll, TestPluginCache: Loggers are ''.
TpTrace Verbose: 0 : 23860, 1, 2024/07/02, 09:55:43.453, 15405360126718, vstest.console.dll, TestPluginCache: TestHosts are 'HostProvider://DefaultTestHost,HostProvider://DotnetTestHost'.
TpTrace Verbose: 0 : 23860, 1, 2024/07/02, 09:55:43.453, 15405360127475, vstest.console.dll, TestPluginCache: DataCollectors are ''.
TpTrace Information: 0 : 23860, 1, 2024/07/02, 09:55:43.470, 15405360295254, vstest.console.dll, RunTestsArgumentProcessor:Execute: Test run is starting.
TpTrace Verbose: 0 : 23860, 1, 2024/07/02, 09:55:43.470, 15405360296921, vstest.console.dll, RunTestsArgumentProcessor:Execute: Queuing Test run.
TpTrace Information: 0 : 23860, 1, 2024/07/02, 09:55:43.471, 15405360299883, vstest.console.dll, TestRequestManager.RunTests: run tests started.
TpTrace Information: 0 : 23860, 1, 2024/07/02, 09:55:43.472, 15405360316860, vstest.console.dll, AssemblyMetadataProvider.GetFrameworkName: Determined framework:'.NETCoreApp,Version=v8.0' for source: 'C:\Dev\Tweedekamer\Tweedekamer.Tests\bin\Debug\net8.0\fine-code-coverage\build-output\Tweedekamer.Tests.dll'
TpTrace Information: 0 : 23860, 1, 2024/07/02, 09:55:43.472, 15405360318821, vstest.console.dll, Determined framework for all sources: .NETCoreApp,Version=v8.0
TpTrace Verbose: 0 : 23860, 1, 2024/07/02, 09:55:43.473, 15405360323629, vstest.console.dll, TestRequestManager.UpdateRunSettingsIfRequired: Default architecture: X64 IsDefaultTargetArchitecture: True, Current process architecture: X64 OperatingSystem: Windows.
TpTrace Information: 0 : 23860, 1, 2024/07/02, 09:55:43.475, 15405360346340, vstest.console.dll, AssemblyMetadataProvider.GetArchitecture: Determined architecture:AnyCPU info for assembly: C:\Dev\Tweedekamer\Tweedekamer.Tests\bin\Debug\net8.0\fine-code-coverage\build-output\Tweedekamer.Tests.dll
TpTrace Information: 0 : 23860, 1, 2024/07/02, 09:55:43.475, 15405360347402, vstest.console.dll, Determined platform for source 'C:\Dev\Tweedekamer\Tweedekamer.Tests\bin\Debug\net8.0\fine-code-coverage\build-output\Tweedekamer.Tests.dll' was AnyCPU and it will use the default plaform X64.
TpTrace Information: 0 : 23860, 1, 2024/07/02, 09:55:43.475, 15405360348270, vstest.console.dll, None of the sources provided any runnable platform, using the default platform: X64
TpTrace Information: 0 : 23860, 1, 2024/07/02, 09:55:43.476, 15405360350245, vstest.console.dll, Platform was updated to 'X64'.
TpTrace Information: 0 : 23860, 1, 2024/07/02, 09:55:43.479, 15405360382311, vstest.console.dll, InferRunSettingsHelper.IsTestSettingsEnabled: Unable to navigate to RunSettings/MSTest. Current node: RunSettings
TpTrace Information: 0 : 23860, 1, 2024/07/02, 09:55:43.479, 15405360388538, vstest.console.dll, AssemblyResolver.OnResolve: Microsoft.VisualStudio.TestPlatform.Fakes: Resolving assembly.
TpTrace Information: 0 : 23860, 1, 2024/07/02, 09:55:43.480, 15405360389522, vstest.console.dll, AssemblyResolver.OnResolve: Microsoft.VisualStudio.TestPlatform.Fakes: Searching in: 'C:\Program Files\dotnet\sdk\8.0.102\Extensions'.
TpTrace Information: 0 : 23860, 1, 2024/07/02, 09:55:43.480, 15405360390810, vstest.console.dll, AssemblyResolver.OnResolve: Microsoft.VisualStudio.TestPlatform.Fakes: Assembly path does not exist: 'C:\Program Files\dotnet\sdk\8.0.102\Extensions\Microsoft.VisualStudio.TestPlatform.Fakes.dll', returning.
TpTrace Information: 0 : 23860, 1, 2024/07/02, 09:55:43.480, 15405360391742, vstest.console.dll, AssemblyResolver.OnResolve: Microsoft.VisualStudio.TestPlatform.Fakes: Assembly path does not exist: 'C:\Program Files\dotnet\sdk\8.0.102\Extensions\Microsoft.VisualStudio.TestPlatform.Fakes.exe', returning.
TpTrace Information: 0 : 23860, 1, 2024/07/02, 09:55:43.480, 15405360392261, vstest.console.dll, AssemblyResolver.OnResolve: Microsoft.VisualStudio.TestPlatform.Fakes: Searching in: 'C:\Program Files\dotnet\sdk\8.0.102'.
TpTrace Information: 0 : 23860, 1, 2024/07/02, 09:55:43.480, 15405360393100, vstest.console.dll, AssemblyResolver.OnResolve: Microsoft.VisualStudio.TestPlatform.Fakes: Assembly path does not exist: 'C:\Program Files\dotnet\sdk\8.0.102\Microsoft.VisualStudio.TestPlatform.Fakes.dll', returning.
TpTrace Information: 0 : 23860, 1, 2024/07/02, 09:55:43.480, 15405360394004, vstest.console.dll, AssemblyResolver.OnResolve: Microsoft.VisualStudio.TestPlatform.Fakes: Assembly path does not exist: 'C:\Program Files\dotnet\sdk\8.0.102\Microsoft.VisualStudio.TestPlatform.Fakes.exe', returning.
TpTrace Information: 0 : 23860, 1, 2024/07/02, 09:55:43.480, 15405360394492, vstest.console.dll, AssemblyResolver.OnResolve: Microsoft.VisualStudio.TestPlatform.Fakes: Failed to load assembly.
TpTrace Information: 0 : 23860, 1, 2024/07/02, 09:55:43.480, 15405360397256, vstest.console.dll, Failed to load assembly Microsoft.VisualStudio.TestPlatform.Fakes, Version=17.0.0.0, Culture=neutral. Reason:System.IO.FileNotFoundException: Could not load file or assembly 'Microsoft.VisualStudio.TestPlatform.Fakes, Version=17.0.0.0, Culture=neutral, PublicKeyToken=null'. The system cannot find the file specified.
File name: 'Microsoft.VisualStudio.TestPlatform.Fakes, Version=17.0.0.0, Culture=neutral, PublicKeyToken=null'
   at System.Reflection.RuntimeAssembly.InternalLoad(AssemblyName assemblyName, StackCrawlMark& stackMark, AssemblyLoadContext assemblyLoadContext, RuntimeAssembly requestingAssembly, Boolean throwOnFileNotFound)
   at System.Reflection.Assembly.Load(AssemblyName assemblyRef)
   at Microsoft.VisualStudio.TestPlatform.Common.Utilities.FakesUtilities.LoadTestPlatformAssembly() in /_/src/Microsoft.TestPlatform.Common/Utilities/FakesUtilities.cs:line 272
TpTrace Verbose: 0 : 23860, 1, 2024/07/02, 09:55:43.485, 15405360440008, vstest.console.dll, TestPluginCache.DiscoverTestExtensions: finding test extensions in assemblies ends with: TestLogger.dll TPluginInfo: Microsoft.VisualStudio.TestPlatform.Common.ExtensionFramework.Utilities.TestLoggerPluginInformation TExtension: Microsoft.VisualStudio.TestPlatform.ObjectModel.Client.ITestLogger
TpTrace Verbose: 0 : 23860, 1, 2024/07/02, 09:55:43.485, 15405360441683, vstest.console.dll, TestPluginCache.GetExtensionPaths: Filtered extension paths: 
TpTrace Verbose: 0 : 23860, 1, 2024/07/02, 09:55:43.485, 15405360443148, vstest.console.dll, TestPluginCache.GetExtensionPaths: Added default extension paths: C:\Program Files\dotnet\sdk\8.0.102\Extensions\Microsoft.Diagnostics.NETCore.Client.dll
C:\Program Files\dotnet\sdk\8.0.102\Extensions\Microsoft.TestPlatform.Extensions.BlameDataCollector.dll
C:\Program Files\dotnet\sdk\8.0.102\Extensions\Microsoft.TestPlatform.Extensions.EventLogCollector.dll
C:\Program Files\dotnet\sdk\8.0.102\Extensions\Microsoft.TestPlatform.TestHostRuntimeProvider.dll
C:\Program Files\dotnet\sdk\8.0.102\Extensions\Microsoft.VisualStudio.TestPlatform.Extensions.Html.TestLogger.dll
C:\Program Files\dotnet\sdk\8.0.102\Extensions\Microsoft.VisualStudio.TestPlatform.Extensions.Trx.TestLogger.dll
TpTrace Verbose: 0 : 23860, 1, 2024/07/02, 09:55:43.485, 15405360444087, vstest.console.dll, TestPluginCache.GetExtensionPaths: Added unfilterableExtensionPaths: 
TpTrace Information: 0 : 23860, 1, 2024/07/02, 09:55:43.485, 15405360446438, vstest.console.dll, AssemblyResolver.AddSearchDirectories: Adding more searchDirectories C:\Program Files\dotnet\sdk\8.0.102\Extensions,C:\Program Files\dotnet\sdk\8.0.102
TpTrace Verbose: 0 : 23860, 1, 2024/07/02, 09:55:43.485, 15405360447298, vstest.console.dll, TestPluginCache.DiscoverTestExtensions: Discovering the extensions using extension path.
TpTrace Verbose: 0 : 23860, 1, 2024/07/02, 09:55:43.485, 15405360448143, vstest.console.dll, TestPluginCache.GetExtensionPaths: Filtered extension paths: 
TpTrace Verbose: 0 : 23860, 1, 2024/07/02, 09:55:43.485, 15405360448787, vstest.console.dll, TestPluginCache.GetExtensionPaths: Added default extension paths: C:\Program Files\dotnet\sdk\8.0.102\Extensions\Microsoft.Diagnostics.NETCore.Client.dll
C:\Program Files\dotnet\sdk\8.0.102\Extensions\Microsoft.TestPlatform.Extensions.BlameDataCollector.dll
C:\Program Files\dotnet\sdk\8.0.102\Extensions\Microsoft.TestPlatform.Extensions.EventLogCollector.dll
C:\Program Files\dotnet\sdk\8.0.102\Extensions\Microsoft.TestPlatform.TestHostRuntimeProvider.dll
C:\Program Files\dotnet\sdk\8.0.102\Extensions\Microsoft.VisualStudio.TestPlatform.Extensions.Html.TestLogger.dll
C:\Program Files\dotnet\sdk\8.0.102\Extensions\Microsoft.VisualStudio.TestPlatform.Extensions.Trx.TestLogger.dll
TpTrace Verbose: 0 : 23860, 1, 2024/07/02, 09:55:43.486, 15405360449385, vstest.console.dll, TestPluginCache.GetExtensionPaths: Added unfilterableExtensionPaths: 
TpTrace Verbose: 0 : 23860, 1, 2024/07/02, 09:55:43.486, 15405360450463, vstest.console.dll, TestPluginCache.DiscoverTestExtensions: Discovering the extensions using allExtensionPaths: C:\Program Files\dotnet\sdk\8.0.102\Extensions\Microsoft.Diagnostics.NETCore.Client.dll
C:\Program Files\dotnet\sdk\8.0.102\Extensions\Microsoft.TestPlatform.Extensions.BlameDataCollector.dll
C:\Program Files\dotnet\sdk\8.0.102\Extensions\Microsoft.TestPlatform.Extensions.EventLogCollector.dll
C:\Program Files\dotnet\sdk\8.0.102\Extensions\Microsoft.TestPlatform.TestHostRuntimeProvider.dll
C:\Program Files\dotnet\sdk\8.0.102\Extensions\Microsoft.VisualStudio.TestPlatform.Extensions.Html.TestLogger.dll
C:\Program Files\dotnet\sdk\8.0.102\Extensions\Microsoft.VisualStudio.TestPlatform.Extensions.Trx.TestLogger.dll
TpTrace Information: 0 : 23860, 1, 2024/07/02, 09:55:43.486, 15405360451648, vstest.console.dll, AssemblyResolver.AddSearchDirectories: Adding more searchDirectories C:\Program Files\dotnet\sdk\8.0.102\Extensions,C:\Program Files\dotnet\sdk\8.0.102
TpTrace Information: 0 : 23860, 1, 2024/07/02, 09:55:43.486, 15405360452346, vstest.console.dll, AssemblyResolver.AddSearchDirectories: Adding more searchDirectories C:\Program Files\dotnet\sdk\8.0.102\Extensions,C:\Program Files\dotnet\sdk\8.0.102
TpTrace Information: 0 : 23860, 1, 2024/07/02, 09:55:43.486, 15405360453031, vstest.console.dll, AssemblyResolver.AddSearchDirectories: Adding more searchDirectories C:\Program Files\dotnet\sdk\8.0.102\Extensions,C:\Program Files\dotnet\sdk\8.0.102
TpTrace Information: 0 : 23860, 1, 2024/07/02, 09:55:43.486, 15405360453663, vstest.console.dll, AssemblyResolver.AddSearchDirectories: Adding more searchDirectories C:\Program Files\dotnet\sdk\8.0.102\Extensions,C:\Program Files\dotnet\sdk\8.0.102
TpTrace Information: 0 : 23860, 1, 2024/07/02, 09:55:43.486, 15405360454273, vstest.console.dll, AssemblyResolver.AddSearchDirectories: Adding more searchDirectories C:\Program Files\dotnet\sdk\8.0.102\Extensions,C:\Program Files\dotnet\sdk\8.0.102
TpTrace Information: 0 : 23860, 1, 2024/07/02, 09:55:43.486, 15405360455138, vstest.console.dll, AssemblyResolver.AddSearchDirectories: Adding more searchDirectories C:\Program Files\dotnet\sdk\8.0.102\Extensions,C:\Program Files\dotnet\sdk\8.0.102
TpTrace Verbose: 0 : 23860, 1, 2024/07/02, 09:55:43.486, 15405360457638, vstest.console.dll, MetadataReaderExtensionsHelper: Discovering extensions inside assembly 'Microsoft.Diagnostics.NETCore.Client, Version=0.2.8.21101, Culture=neutral, PublicKeyToken=31bf3856ad364e35' file path 'C:\Program Files\dotnet\sdk\8.0.102\Extensions\Microsoft.Diagnostics.NETCore.Client.dll'
TpTrace Information: 0 : 23860, 1, 2024/07/02, 09:55:43.488, 15405360469536, vstest.console.dll, AssemblyResolver.OnResolve: Microsoft.Bcl.AsyncInterfaces: Resolving assembly.
TpTrace Information: 0 : 23860, 1, 2024/07/02, 09:55:43.488, 15405360470590, vstest.console.dll, AssemblyResolver.OnResolve: Microsoft.Bcl.AsyncInterfaces: Resolved from cache.
TpTrace Verbose: 0 : 23860, 1, 2024/07/02, 09:55:43.488, 15405360471371, vstest.console.dll, CurrentDomainAssemblyResolve: Resolving assembly 'Microsoft.Bcl.AsyncInterfaces'.
TpTrace Information: 0 : 23860, 1, 2024/07/02, 09:55:43.488, 15405360472363, vstest.console.dll, AssemblyResolver.OnResolve: Microsoft.Bcl.AsyncInterfaces: Resolving assembly.
TpTrace Information: 0 : 23860, 1, 2024/07/02, 09:55:43.488, 15405360473125, vstest.console.dll, AssemblyResolver.OnResolve: Microsoft.Bcl.AsyncInterfaces: Resolved from cache.
TpTrace Verbose: 0 : 23860, 1, 2024/07/02, 09:55:43.488, 15405360473873, vstest.console.dll, CurrentDomainAssemblyResolve: Resolving assembly 'Microsoft.Bcl.AsyncInterfaces'.
TpTrace Verbose: 0 : 23860, 1, 2024/07/02, 09:55:43.488, 15405360474555, vstest.console.dll, CurrentDomainAssemblyResolve: Failed to resolve assembly 'Microsoft.Bcl.AsyncInterfaces'.
TpTrace Verbose: 0 : 23860, 1, 2024/07/02, 09:55:43.488, 15405360477236, vstest.console.dll, CurrentDomainAssemblyResolve: Failed to resolve assembly 'Microsoft.Bcl.AsyncInterfaces'.
TpTrace Warning: 0 : 23860, 1, 2024/07/02, 09:55:43.489, 15405360482744, vstest.console.dll, TestPluginDiscoverer: Failed to get types from assembly 'Microsoft.Diagnostics.NETCore.Client, Version=0.2.8.21101, Culture=neutral, PublicKeyToken=31bf3856ad364e35'. Error: System.Reflection.ReflectionTypeLoadException: Unable to load one or more of the requested types.
Could not load file or assembly 'Microsoft.Bcl.AsyncInterfaces, Version=1.0.0.0, Culture=neutral, PublicKeyToken=cc7b13ffcd2ddd51'. The system cannot find the file specified.
   at System.Reflection.RuntimeModule.GetTypes(RuntimeModule module)
   at System.Reflection.RuntimeModule.GetTypes()
   at Microsoft.VisualStudio.TestPlatform.Common.ExtensionFramework.TestPluginDiscoverer.GetTestExtensionsFromAssembly[TPluginInfo,TExtension](Assembly assembly, Dictionary`2 pluginInfos, String filePath) in /_/src/Microsoft.TestPlatform.Common/ExtensionFramework/TestPluginDiscoverer.cs:line 158
System.IO.FileNotFoundException: Could not load file or assembly 'Microsoft.Bcl.AsyncInterfaces, Version=1.0.0.0, Culture=neutral, PublicKeyToken=cc7b13ffcd2ddd51'. The system cannot find the file specified.
File name: 'Microsoft.Bcl.AsyncInterfaces, Version=1.0.0.0, Culture=neutral, PublicKeyToken=cc7b13ffcd2ddd51'
 ---> System.IO.FileNotFoundException: Could not load file or assembly 'Microsoft.Bcl.AsyncInterfaces, Culture=neutral, PublicKeyToken=null'. The system cannot find the file specified.
File name: 'Microsoft.Bcl.AsyncInterfaces, Culture=neutral, PublicKeyToken=null'
   at System.Reflection.RuntimeAssembly.InternalLoad(AssemblyName assemblyName, StackCrawlMark& stackMark, AssemblyLoadContext assemblyLoadContext, RuntimeAssembly requestingAssembly, Boolean throwOnFileNotFound)
   at System.Reflection.Assembly.Load(AssemblyName assemblyRef)
   at Microsoft.VisualStudio.TestPlatform.Common.ExtensionFramework.TestPluginCache.CurrentDomainAssemblyResolve(Object sender, AssemblyResolveEventArgs args) in /_/src/Microsoft.TestPlatform.Common/ExtensionFramework/TestPluginCache.cs:line 513
   at System.Runtime.Loader.AssemblyLoadContext.GetFirstResolvedAssemblyFromResolvingEvent(AssemblyName assemblyName)
   at System.Runtime.Loader.AssemblyLoadContext.ResolveUsingEvent(AssemblyName assemblyName)
   at System.Runtime.Loader.AssemblyLoadContext.ResolveUsingResolvingEvent(IntPtr gchManagedAssemblyLoadContext, AssemblyName assemblyName)
TpTrace Warning: 0 : 23860, 1, 2024/07/02, 09:55:43.489, 15405360485707, vstest.console.dll, LoaderExceptions: System.IO.FileNotFoundException: Could not load file or assembly 'Microsoft.Bcl.AsyncInterfaces, Version=1.0.0.0, Culture=neutral, PublicKeyToken=cc7b13ffcd2ddd51'. The system cannot find the file specified.
File name: 'Microsoft.Bcl.AsyncInterfaces, Version=1.0.0.0, Culture=neutral, PublicKeyToken=cc7b13ffcd2ddd51'
 ---> System.IO.FileNotFoundException: Could not load file or assembly 'Microsoft.Bcl.AsyncInterfaces, Culture=neutral, PublicKeyToken=null'. The system cannot find the file specified.
File name: 'Microsoft.Bcl.AsyncInterfaces, Culture=neutral, PublicKeyToken=null'
   at System.Reflection.RuntimeAssembly.InternalLoad(AssemblyName assemblyName, StackCrawlMark& stackMark, AssemblyLoadContext assemblyLoadContext, RuntimeAssembly requestingAssembly, Boolean throwOnFileNotFound)
   at System.Reflection.Assembly.Load(AssemblyName assemblyRef)
   at Microsoft.VisualStudio.TestPlatform.Common.ExtensionFramework.TestPluginCache.CurrentDomainAssemblyResolve(Object sender, AssemblyResolveEventArgs args) in /_/src/Microsoft.TestPlatform.Common/ExtensionFramework/TestPluginCache.cs:line 513
   at System.Runtime.Loader.AssemblyLoadContext.GetFirstResolvedAssemblyFromResolvingEvent(AssemblyName assemblyName)
   at System.Runtime.Loader.AssemblyLoadContext.ResolveUsingEvent(AssemblyName assemblyName)
   at System.Runtime.Loader.AssemblyLoadContext.ResolveUsingResolvingEvent(IntPtr gchManagedAssemblyLoadContext, AssemblyName assemblyName)
TpTrace Verbose: 0 : 23860, 1, 2024/07/02, 09:55:43.489, 15405360487241, vstest.console.dll, MetadataReaderExtensionsHelper: Discovering extensions inside assembly 'Microsoft.TestPlatform.Extensions.BlameDataCollector, Version=15.0.0.0, Culture=neutral, PublicKeyToken=b03f5f7f11d50a3a' file path 'C:\Program Files\dotnet\sdk\8.0.102\Extensions\Microsoft.TestPlatform.Extensions.BlameDataCollector.dll'
TpTrace Information: 0 : 23860, 1, 2024/07/02, 09:55:43.490, 15405360495614, vstest.console.dll, GetTestExtensionFromType: Register extension with identifier data 'logger://Microsoft/TestPlatform/Extensions/Blame/v1' and type 'Microsoft.TestPlatform.Extensions.BlameDataCollector.BlameLogger, Microsoft.TestPlatform.Extensions.BlameDataCollector, Version=15.0.0.0, Culture=neutral, PublicKeyToken=b03f5f7f11d50a3a' inside file 'C:\Program Files\dotnet\sdk\8.0.102\Extensions\Microsoft.TestPlatform.Extensions.BlameDataCollector.dll'
TpTrace Verbose: 0 : 23860, 1, 2024/07/02, 09:55:43.490, 15405360496808, vstest.console.dll, MetadataReaderExtensionsHelper: Discovering extensions inside assembly 'Microsoft.TestPlatform.Extensions.EventLogCollector, Version=15.0.0.0, Culture=neutral, PublicKeyToken=b03f5f7f11d50a3a' file path 'C:\Program Files\dotnet\sdk\8.0.102\Extensions\Microsoft.TestPlatform.Extensions.EventLogCollector.dll'
TpTrace Verbose: 0 : 23860, 1, 2024/07/02, 09:55:43.491, 15405360503231, vstest.console.dll, MetadataReaderExtensionsHelper: Discovering extensions inside assembly 'Microsoft.TestPlatform.TestHostRuntimeProvider, Version=15.0.0.0, Culture=neutral, PublicKeyToken=b03f5f7f11d50a3a' file path 'C:\Program Files\dotnet\sdk\8.0.102\Extensions\Microsoft.TestPlatform.TestHostRuntimeProvider.dll'
TpTrace Verbose: 0 : 23860, 1, 2024/07/02, 09:55:43.492, 15405360509830, vstest.console.dll, MetadataReaderExtensionsHelper: Discovering extensions inside assembly 'Microsoft.VisualStudio.TestPlatform.Extensions.Html.TestLogger, Version=15.0.0.0, Culture=neutral, PublicKeyToken=b03f5f7f11d50a3a' file path 'C:\Program Files\dotnet\sdk\8.0.102\Extensions\Microsoft.VisualStudio.TestPlatform.Extensions.Html.TestLogger.dll'
TpTrace Information: 0 : 23860, 1, 2024/07/02, 09:55:43.493, 15405360519482, vstest.console.dll, GetTestExtensionFromType: Register extension with identifier data 'logger://Microsoft/TestPlatform/HtmlLogger/v1' and type 'Microsoft.VisualStudio.TestPlatform.Extensions.HtmlLogger.HtmlLogger, Microsoft.VisualStudio.TestPlatform.Extensions.Html.TestLogger, Version=15.0.0.0, Culture=neutral, PublicKeyToken=b03f5f7f11d50a3a' inside file 'C:\Program Files\dotnet\sdk\8.0.102\Extensions\Microsoft.VisualStudio.TestPlatform.Extensions.Html.TestLogger.dll'
TpTrace Verbose: 0 : 23860, 1, 2024/07/02, 09:55:43.493, 15405360520682, vstest.console.dll, MetadataReaderExtensionsHelper: Discovering extensions inside assembly 'Microsoft.VisualStudio.TestPlatform.Extensions.Trx.TestLogger, Version=15.0.0.0, Culture=neutral, PublicKeyToken=b03f5f7f11d50a3a' file path 'C:\Program Files\dotnet\sdk\8.0.102\Extensions\Microsoft.VisualStudio.TestPlatform.Extensions.Trx.TestLogger.dll'
TpTrace Information: 0 : 23860, 1, 2024/07/02, 09:55:43.493, 15405360528170, vstest.console.dll, GetTestExtensionFromType: Register extension with identifier data 'logger://Microsoft/TestPlatform/TrxLogger/v1' and type 'Microsoft.VisualStudio.TestPlatform.Extensions.TrxLogger.TrxLogger, Microsoft.VisualStudio.TestPlatform.Extensions.Trx.TestLogger, Version=15.0.0.0, Culture=neutral, PublicKeyToken=b03f5f7f11d50a3a' inside file 'C:\Program Files\dotnet\sdk\8.0.102\Extensions\Microsoft.VisualStudio.TestPlatform.Extensions.Trx.TestLogger.dll'
TpTrace Verbose: 0 : 23860, 1, 2024/07/02, 09:55:43.494, 15405360529452, vstest.console.dll, TestPluginCache: Discovered the extensions using extension path ''.
TpTrace Verbose: 0 : 23860, 1, 2024/07/02, 09:55:43.494, 15405360530312, vstest.console.dll, TestPluginCache: Discoverers are ''.
TpTrace Verbose: 0 : 23860, 1, 2024/07/02, 09:55:43.494, 15405360531021, vstest.console.dll, TestPluginCache: Executors are ''.
TpTrace Verbose: 0 : 23860, 1, 2024/07/02, 09:55:43.494, 15405360531694, vstest.console.dll, TestPluginCache: Executors2 are ''.
TpTrace Verbose: 0 : 23860, 1, 2024/07/02, 09:55:43.494, 15405360532374, vstest.console.dll, TestPluginCache: Setting providers are ''.
TpTrace Verbose: 0 : 23860, 1, 2024/07/02, 09:55:43.494, 15405360533621, vstest.console.dll, TestPluginCache: Loggers are 'logger://Microsoft/TestPlatform/Extensions/Blame/v1,logger://Microsoft/TestPlatform/HtmlLogger/v1,logger://Microsoft/TestPlatform/TrxLogger/v1'.
TpTrace Verbose: 0 : 23860, 1, 2024/07/02, 09:55:43.494, 15405360534489, vstest.console.dll, TestPluginCache: TestHosts are 'HostProvider://DefaultTestHost,HostProvider://DotnetTestHost'.
TpTrace Verbose: 0 : 23860, 1, 2024/07/02, 09:55:43.494, 15405360535255, vstest.console.dll, TestPluginCache: DataCollectors are ''.
TpTrace Information: 0 : 23860, 1, 2024/07/02, 09:55:43.495, 15405360547223, vstest.console.dll, TestPluginManager.CreateTestExtension: Attempting to load test extension: Microsoft.TestPlatform.Extensions.BlameDataCollector.BlameLogger
TpTrace Verbose: 0 : 23860, 1, 2024/07/02, 09:55:43.508, 15405360669933, vstest.console.dll, TestEngine: Initializing Parallel Execution as MaxCpuCount is set to: 1
TpTrace Information: 0 : 23860, 1, 2024/07/02, 09:55:43.510, 15405360698758, vstest.console.dll, TestPluginManager.CreateTestExtension: Attempting to load test extension: Microsoft.VisualStudio.TestPlatform.CrossPlatEngine.Hosting.DefaultTestHostManager
TpTrace Information: 0 : 23860, 1, 2024/07/02, 09:55:43.515, 15405360739670, vstest.console.dll, TestPluginManager.CreateTestExtension: Attempting to load test extension: Microsoft.VisualStudio.TestPlatform.CrossPlatEngine.Hosting.DotnetTestHostManager
TpTrace Information: 0 : 23860, 1, 2024/07/02, 09:55:43.516, 15405360749505, vstest.console.dll, InferRunSettingsHelper.IsTestSettingsEnabled: Unable to navigate to RunSettings/MSTest. Current node: RunSettings
TpTrace Verbose: 0 : 23860, 1, 2024/07/02, 09:55:43.516, 15405360756845, vstest.console.dll, ParallelOperationManager.ClearSlots: Clearing all slots. Slots should accept more work: True
TpTrace Verbose: 0 : 23860, 1, 2024/07/02, 09:55:43.517, 15405360765082, vstest.console.dll, ParallelOperationManager.SetOccupiedSlotCount: Setting slot counts AvailableSlotCount = 1, OccupiedSlotCount = 0.
TpTrace Verbose: 0 : 23860, 1, 2024/07/02, 09:55:43.517, 15405360769038, vstest.console.dll, Occupied slots:

TpTrace Verbose: 0 : 23860, 1, 2024/07/02, 09:55:43.522, 15405360816396, vstest.console.dll, TestEngine.GetExecutionManager: Chosen execution manager 'Microsoft.VisualStudio.TestPlatform.CrossPlatEngine.Client.Parallel.ParallelProxyExecutionManager, Microsoft.TestPlatform.CrossPlatEngine, Version=15.0.0.0, Culture=neutral, PublicKeyToken=b03f5f7f11d50a3a' ParallelLevel '1'.
TpTrace Verbose: 0 : 23860, 1, 2024/07/02, 09:55:43.522, 15405360818706, vstest.console.dll, TestRunRequest.ExecuteAsync: Creating test run request.
TpTrace Verbose: 0 : 23860, 1, 2024/07/02, 09:55:43.523, 15405360821446, vstest.console.dll, TestRunRequest.ExecuteAsync: Starting.
TpTrace Information: 0 : 23860, 1, 2024/07/02, 09:55:43.525, 15405360842830, vstest.console.dll, TestRunRequest.ExecuteAsync: Starting run with settings:TestRunCriteria:
   KeepAlive=False,FrequencyOfRunStatsChangeEvent=10,RunStatsChangeEventTimeout=00:00:01.5000000,TestCaseFilter=,TestExecutorLauncher=
   Settingsxml=<RunSettings>
  <RunConfiguration>
    <ResultsDirectory>C:\Dev\Tweedekamer\Tweedekamer.Tests\bin\Debug\net8.0\fine-code-coverage\coverage-tool-output</ResultsDirectory>
    <TargetPlatform>X64</TargetPlatform>
    <TargetFrameworkVersion>.NETCoreApp,Version=v8.0</TargetFrameworkVersion>
    <DesignMode>False</DesignMode>
    <CollectSourceInformation>False</CollectSourceInformation>
  </RunConfiguration>
  <LoggerRunSettings>
    <Loggers>
      <Logger friendlyName="blame" enabled="True" />
      <Logger friendlyName="Console" uri="logger://microsoft/TestPlatform/ConsoleLogger/v1" assemblyQualifiedName="Microsoft.VisualStudio.TestPlatform.CommandLine.Internal.ConsoleLogger, vstest.console, Version=15.0.0.0, Culture=neutral, PublicKeyToken=b03f5f7f11d50a3a" codeBase="C:\Program Files\dotnet\sdk\8.0.102\vstest.console.dll" enabled="True" />
    </Loggers>
  </LoggerRunSettings>
  <DataCollectionRunSettings>
    <DataCollectors>
      <DataCollector friendlyName="blame" enabled="True">
        <Configuration>
          <ResultsDirectory>C:\Dev\Tweedekamer\Tweedekamer.Tests\bin\Debug\net8.0\fine-code-coverage\coverage-tool-output</ResultsDirectory>
        </Configuration>
      </DataCollector>
    </DataCollectors>
  </DataCollectionRunSettings>
</RunSettings>

TpTrace Verbose: 0 : 23860, 1, 2024/07/02, 09:55:43.525, 15405360844004, vstest.console.dll, TestRunRequest.ExecuteAsync: Wait for the first run request is over.
TpTrace Verbose: 0 : 23860, 1, 2024/07/02, 09:55:43.526, 15405360849723, vstest.console.dll, MulticastDelegateUtilities.SafeInvoke: TestRun.TestRunStart: Invoking callbacks was skipped because there are no subscribers.
TpTrace Verbose: 0 : 23860, 4, 2024/07/02, 09:55:43.526, 15405360852876, vstest.console.dll, MulticastDelegateUtilities.SafeInvoke: InternalTestLoggerEvents.SendTestRunStart: Invoking callback 1/1 for Microsoft.VisualStudio.TestPlatform.CommandLine.Internal.ConsoleLogger., took 0 ms.
TpTrace Verbose: 0 : 23860, 1, 2024/07/02, 09:55:43.527, 15405360864203, vstest.console.dll, ParallelProxyExecutionManager: Start execution. Total sources: 1
TpTrace Verbose: 0 : 23860, 1, 2024/07/02, 09:55:43.527, 15405360868835, vstest.console.dll, ParallelOperationManager.StartWork: Starting adding 1 workloads.
TpTrace Verbose: 0 : 23860, 1, 2024/07/02, 09:55:43.528, 15405360869982, vstest.console.dll, ParallelOperationManager.ClearSlots: Clearing all slots. Slots should accept more work: True
TpTrace Verbose: 0 : 23860, 1, 2024/07/02, 09:55:43.528, 15405360870958, vstest.console.dll, ParallelOperationManager.SetOccupiedSlotCount: Setting slot counts AvailableSlotCount = 1, OccupiedSlotCount = 0.
TpTrace Verbose: 0 : 23860, 1, 2024/07/02, 09:55:43.528, 15405360872020, vstest.console.dll, Occupied slots:

TpTrace Verbose: 0 : 23860, 1, 2024/07/02, 09:55:43.530, 15405360890916, vstest.console.dll, TestRequestSender is acting as server.
TpTrace Verbose: 0 : 23860, 1, 2024/07/02, 09:55:43.531, 15405360908686, vstest.console.dll, ParallelOperationManager.RunWorkInParallel: Adding 1 workload to slot, remaining workloads 0.
TpTrace Verbose: 0 : 23860, 1, 2024/07/02, 09:55:43.532, 15405360910054, vstest.console.dll, ParallelOperationManager.SetOccupiedSlotCount: Setting slot counts AvailableSlotCount = 0, OccupiedSlotCount = 1.
TpTrace Verbose: 0 : 23860, 1, 2024/07/02, 09:55:43.532, 15405360912327, vstest.console.dll, Occupied slots:
0: C:\Dev\Tweedekamer\Tweedekamer.Tests\bin\Debug\net8.0\fine-code-coverage\build-output\Tweedekamer.Tests.dll
TpTrace Verbose: 0 : 23860, 1, 2024/07/02, 09:55:43.533, 15405360928439, vstest.console.dll, ParallelOperationManager.RunWorkInParallel: Started host in slot number 0 for work (source): C:\Dev\Tweedekamer\Tweedekamer.Tests\bin\Debug\net8.0\fine-code-coverage\build-output\Tweedekamer.Tests.dll.
TpTrace Verbose: 0 : 23860, 1, 2024/07/02, 09:55:43.535, 15405360948062, vstest.console.dll, ParallelOperationManager.RunWorkInParallel: We started 1 work items, which is the max parallel level. Won't start more work.
TpTrace Verbose: 0 : 23860, 1, 2024/07/02, 09:55:43.536, 15405360949393, vstest.console.dll, ParallelOperationManager.RunWorkInParallel: We started 1 work items in here, returning True.
TpTrace Verbose: 0 : 23860, 5, 2024/07/02, 09:55:43.536, 15405360949712, vstest.console.dll, ParallelProxyExecutionManager.StartTestRunOnConcurrentManager: Initializing uninitialized client. Started clients: 0
TpTrace Information: 0 : 23860, 1, 2024/07/02, 09:55:43.536, 15405360951429, vstest.console.dll, TestRunRequest.ExecuteAsync: Started.
TpTrace Verbose: 0 : 23860, 5, 2024/07/02, 09:55:43.536, 15405360952430, vstest.console.dll, DataCollectionRequestSender.InitializeCommunication : Initialize communication. 
TpTrace Verbose: 0 : 23860, 1, 2024/07/02, 09:55:43.537, 15405360962351, vstest.console.dll, TestRunRequest.WaitForCompletion: Waiting with timeout -1.
TpTrace Information: 0 : 23860, 5, 2024/07/02, 09:55:43.553, 15405361127718, vstest.console.dll, Listening on Endpoint : 127.0.0.1:64764
TpTrace Verbose: 0 : 23860, 5, 2024/07/02, 09:55:43.561, 15405361202076, vstest.console.dll, DotnetDataCollectionLauncher: Adding  --runtimeconfig "C:\Program Files\dotnet\sdk\8.0.102\datacollector.runtimeconfig.json" in args
TpTrace Verbose: 0 : 23860, 5, 2024/07/02, 09:55:43.561, 15405361203891, vstest.console.dll, DotnetDataCollectionLauncher: Adding  --depsfile "C:\Program Files\dotnet\sdk\8.0.102\datacollector.deps.json" in args
TpTrace Verbose: 0 : 23860, 5, 2024/07/02, 09:55:43.561, 15405361207119, vstest.console.dll, DotnetDataCollectionLauncher: Full path of dotnet.exe is C:\Program Files\dotnet\dotnet.exe
TpTrace Information: 0 : 23860, 5, 2024/07/02, 09:55:43.634, 15405361933811, vstest.console.dll, ProxyDataCollectionManager.Initialize: Launched datacollector processId: 26568 port: 64764
TpTrace Information: 0 : 23860, 5, 2024/07/02, 09:55:43.634, 15405361936162, vstest.console.dll, ProxyDataCollectionManager.Initialize: waiting for connection with timeout: 90 seconds
TpTrace Verbose: 0 : 23860, 5, 2024/07/02, 09:55:43.634, 15405361937402, vstest.console.dll, DataCollectionRequestSender.WaitForRequestHandlerConnection : Waiting for connection with timeout: 90000
TpTrace Information: 0 : 23860, 7, 2024/07/02, 09:55:43.961, 15405365199325, vstest.console.dll, Using the buffer size of 16384 bytes
TpTrace Verbose: 0 : 23860, 5, 2024/07/02, 09:55:43.961, 15405365199568, vstest.console.dll, SocketCommunicationManager.WaitForClientConnection took: 325 ms, with 90000 ms timeout, and finished with True.
TpTrace Information: 0 : 23860, 7, 2024/07/02, 09:55:43.961, 15405365201450, vstest.console.dll, Accepted Client request and set the flag
TpTrace Verbose: 0 : 23860, 5, 2024/07/02, 09:55:43.961, 15405365203625, vstest.console.dll, ProxyDataCollectionManager.InvokeDataCollectionServiceAction: Starting.
TpTrace Information: 0 : 23860, 5, 2024/07/02, 09:55:43.961, 15405365206131, vstest.console.dll, ProxyDataCollectionManager.BeforeTestRunStart: Get environment variable and port for datacollector processId: 26568 port: 64764
TpTrace Verbose: 0 : 23860, 5, 2024/07/02, 09:55:43.961, 15405365208107, vstest.console.dll, DataCollectionRequestSender.SendBeforeTestRunStartAndGetResult: Send BeforeTestRunStart message with settingsXml <RunSettings><RunConfiguration><ResultsDirectory>C:\Dev\Tweedekamer\Tweedekamer.Tests\bin\Debug\net8.0\fine-code-coverage\coverage-tool-output</ResultsDirectory><TargetPlatform>X64</TargetPlatform><TargetFrameworkVersion>.NETCoreApp,Version=v8.0</TargetFrameworkVersion><DesignMode>False</DesignMode><CollectSourceInformation>False</CollectSourceInformation><TestAdaptersPaths>C:\Program Files\dotnet\sdk\8.0.102\Extensions</TestAdaptersPaths></RunConfiguration><LoggerRunSettings><Loggers><Logger friendlyName="blame" enabled="True" /><Logger friendlyName="Console" uri="logger://microsoft/TestPlatform/ConsoleLogger/v1" assemblyQualifiedName="Microsoft.VisualStudio.TestPlatform.CommandLine.Internal.ConsoleLogger, vstest.console, Version=15.0.0.0, Culture=neutral, PublicKeyToken=b03f5f7f11d50a3a" codeBase="C:\Program Files\dotnet\sdk\8.0.102\vstest.console.dll" enabled="True" /></Loggers></LoggerRunSettings><DataCollectionRunSettings><DataCollectors><DataCollector friendlyName="blame" enabled="True"><Configuration><ResultsDirectory>C:\Dev\Tweedekamer\Tweedekamer.Tests\bin\Debug\net8.0\fine-code-coverage\coverage-tool-output</ResultsDirectory></Configuration></DataCollector></DataCollectors></DataCollectionRunSettings></RunSettings> and sources System.Collections.Generic.List`1[System.String]: 
TpTrace Verbose: 0 : 23860, 5, 2024/07/02, 09:55:44.033, 15405365921457, vstest.console.dll, DataCollectionRequestSender.SendBeforeTestRunStartAndGetResult: Received message: (DataCollection.SendMessage) -> {"MessageType":"DataCollection.SendMessage","Payload":{"FriendlyName":null,"Uri":null,"TestCaseId":"00000000-0000-0000-0000-000000000000","Message":"Logging DataCollector Diagnostics in file: C:\\Dev\\Tweedekamer\\Tweedekamer.Tests\\bin\\Debug\\net8.0\\fine-code-coverage\\coverage-tool-output\\diagnostics.datacollector.24-07-02_09-55-43_56102_5.log","Level":0}}
TpTrace Verbose: 0 : 23860, 5, 2024/07/02, 09:55:44.138, 15405366975415, vstest.console.dll, DataCollectionRequestSender.SendBeforeTestRunStartAndGetResult: Received message: (DataCollection.BeforeTestRunStartResult) -> {"MessageType":"DataCollection.BeforeTestRunStartResult","Payload":{"EnvironmentVariables":{},"DataCollectionEventsPort":64770}}
TpTrace Information: 0 : 23860, 5, 2024/07/02, 09:55:44.142, 15405367012195, vstest.console.dll, ProxyDataCollectionManager.BeforeTestRunStart: SendBeforeTestRunStartAndGetResult successful, env variable from datacollector:   and testhost port: 64770
TpTrace Information: 0 : 23860, 5, 2024/07/02, 09:55:44.142, 15405367013054, vstest.console.dll, ProxyDataCollectionManager.InvokeDataCollectionServiceAction: Completed.
TpTrace Verbose: 0 : 23860, 5, 2024/07/02, 09:55:44.142, 15405367013551, vstest.console.dll, ParallelProxyExecutionManager.StartTestRunOnConcurrentManager: Initializing test run. Started clients: 0
TpTrace Verbose: 0 : 23860, 5, 2024/07/02, 09:55:44.142, 15405367014416, vstest.console.dll, ProxyExecutionManager: Test host is always Lazy initialize.
TpTrace Verbose: 0 : 23860, 5, 2024/07/02, 09:55:44.142, 15405367017732, vstest.console.dll, TestRequestSender.InitializeCommunication: initialize communication. 
TpTrace Information: 0 : 23860, 5, 2024/07/02, 09:55:44.143, 15405367023501, vstest.console.dll, SocketServer.Start: Listening on endpoint : 127.0.0.1:64771
TpTrace Verbose: 0 : 23860, 5, 2024/07/02, 09:55:44.144, 15405367029911, vstest.console.dll, DotnetTestHostmanager.GetTestHostProcessStartInfo: Platform environment 'X64' target architecture 'X64' framework '.NETCoreApp,Version=v8.0' OS 'Windows'
TpTrace Verbose: 0 : 23860, 5, 2024/07/02, 09:55:44.144, 15405367032202, vstest.console.dll, DotnetTestHostmanager: Adding  --runtimeconfig "C:\Dev\Tweedekamer\Tweedekamer.Tests\bin\Debug\net8.0\fine-code-coverage\build-output\Tweedekamer.Tests.runtimeconfig.json" in args
TpTrace Verbose: 0 : 23860, 5, 2024/07/02, 09:55:44.144, 15405367033295, vstest.console.dll, DotnetTestHostmanager: Adding  --depsfile "C:\Dev\Tweedekamer\Tweedekamer.Tests\bin\Debug\net8.0\fine-code-coverage\build-output\Tweedekamer.Tests.deps.json" in args
TpTrace Verbose: 0 : 23860, 5, 2024/07/02, 09:55:44.144, 15405367035291, vstest.console.dll, DotnetTestHostmanager.IsWinOnArm: Current PROCESSOR_ARCHITECTURE from environment variable 'AMD64'
TpTrace Verbose: 0 : 23860, 5, 2024/07/02, 09:55:44.144, 15405367036053, vstest.console.dll, DotnetTestHostmanager.IsWinOnArm: Is Windows on ARM 'False'
TpTrace Verbose: 0 : 23860, 5, 2024/07/02, 09:55:44.144, 15405367037057, vstest.console.dll, DotnetTestHostManager: testhost.exe found at path: C:\Dev\Tweedekamer\Tweedekamer.Tests\bin\Debug\net8.0\fine-code-coverage\build-output\testhost.exe
TpTrace Verbose: 0 : 23860, 5, 2024/07/02, 09:55:44.144, 15405367037593, vstest.console.dll, DotnetTestHostmanager: Full path of host exe is C:\Dev\Tweedekamer\Tweedekamer.Tests\bin\Debug\net8.0\fine-code-coverage\build-output\testhost.exe
TpTrace Verbose: 0 : 23860, 5, 2024/07/02, 09:55:44.144, 15405367038727, vstest.console.dll, DotnetTestHostmanager.LaunchTestHostAsync: Found 'VSTEST_WINAPPHOST_DOTNET_ROOT' in env variables, value 'C:\Program Files\dotnet', forwarding to 'DOTNET_ROOT'
TpTrace Verbose: 0 : 23860, 5, 2024/07/02, 09:55:44.145, 15405367040065, vstest.console.dll, DotnetTestHostManager: Starting process 'C:\Dev\Tweedekamer\Tweedekamer.Tests\bin\Debug\net8.0\fine-code-coverage\build-output\testhost.exe' with command line ' --runtimeconfig "C:\Dev\Tweedekamer\Tweedekamer.Tests\bin\Debug\net8.0\fine-code-coverage\build-output\Tweedekamer.Tests.runtimeconfig.json" --depsfile "C:\Dev\Tweedekamer\Tweedekamer.Tests\bin\Debug\net8.0\fine-code-coverage\build-output\Tweedekamer.Tests.deps.json" --port 64771 --endpoint 127.0.0.1:064771 --role client --parentprocessid 23860 --diag "C:\Dev\Tweedekamer\Tweedekamer.Tests\bin\Debug\net8.0\fine-code-coverage\coverage-tool-output\diagnostics.host.24-07-02_09-55-44_14379_5.log" --tracelevel 4 --datacollectionport 64770 --telemetryoptedin false'
TpTrace Verbose: 0 : 23860, 5, 2024/07/02, 09:55:44.188, 15405367478455, vstest.console.dll, MulticastDelegateUtilities.SafeInvoke: HostProviderEvents.OnHostLaunched: Invoking callback 1/2 for Microsoft.VisualStudio.TestPlatform.CrossPlatEngine.Client.ProxyExecutionManagerWithDataCollection., took 1 ms.
TpTrace Verbose: 0 : 23860, 5, 2024/07/02, 09:55:44.189, 15405367481983, vstest.console.dll, Test Runtime launched
TpTrace Verbose: 0 : 23860, 5, 2024/07/02, 09:55:44.189, 15405367483039, vstest.console.dll, MulticastDelegateUtilities.SafeInvoke: HostProviderEvents.OnHostLaunched: Invoking callback 2/2 for Microsoft.VisualStudio.TestPlatform.CrossPlatEngine.Client.ProxyOperationManager., took 0 ms.
TpTrace Verbose: 0 : 23860, 5, 2024/07/02, 09:55:44.189, 15405367484796, vstest.console.dll, TestRequestSender.WaitForRequestHandlerConnection: waiting for connection with timeout: 90000.
TpTrace Verbose: 0 : 23860, 5, 2024/07/02, 09:55:44.511, 15405370703875, vstest.console.dll, TestRequestSender.WaitForRequestHandlerConnection: waiting took 321 ms, with timeout 90000 ms, and result 0, which is success.
TpTrace Verbose: 0 : 23860, 7, 2024/07/02, 09:55:44.511, 15405370703866, vstest.console.dll, MulticastDelegateUtilities.SafeInvoke: SocketServer: ClientConnected: Invoking callback 1/1 for Microsoft.VisualStudio.TestPlatform.CommunicationUtilities.TestRequestSender., took 0 ms.
TpTrace Verbose: 0 : 23860, 7, 2024/07/02, 09:55:44.511, 15405370706494, vstest.console.dll, SocketServer.OnClientConnected: Client connected for endPoint: 127.0.0.1:64771, starting MessageLoopAsync:
TpTrace Verbose: 0 : 23860, 7, 2024/07/02, 09:55:44.512, 15405370712063, vstest.console.dll, TcpClientExtensions.MessageLoopAsync: Polling on remoteEndPoint: 127.0.0.1:64772 localEndPoint: 127.0.0.1:64771
TpTrace Verbose: 0 : 23860, 5, 2024/07/02, 09:55:44.512, 15405370717003, vstest.console.dll, TestRequestSender.CheckVersionWithTestHost: Sending check version message: {"MessageType":"ProtocolVersion","Payload":7}
TpTrace Verbose: 0 : 23860, 7, 2024/07/02, 09:55:44.610, 15405371692902, vstest.console.dll, TcpClientExtensions.MessageLoopAsync: NotifyDataAvailable remoteEndPoint: 127.0.0.1:64772 localEndPoint: 127.0.0.1:64771
TpTrace Verbose: 0 : 23860, 7, 2024/07/02, 09:55:44.610, 15405371695137, vstest.console.dll, TestRequestSender.CheckVersionWithTestHost: onMessageReceived received message: (ProtocolVersion) -> {"MessageType":"ProtocolVersion","Payload":7}
TpTrace Verbose: 0 : 23860, 7, 2024/07/02, 09:55:44.611, 15405371700645, vstest.console.dll, MulticastDelegateUtilities.SafeInvoke: LengthPrefixCommunicationChannel: MessageReceived: Invoking callback 1/1 for Microsoft.VisualStudio.TestPlatform.CommunicationUtilities.TestRequestSender+<>c__DisplayClass29_0., took 0 ms.
TpTrace Verbose: 0 : 23860, 7, 2024/07/02, 09:55:44.611, 15405371701600, vstest.console.dll, TcpClientExtensions.MessageLoopAsync: Polling on remoteEndPoint: 127.0.0.1:64772 localEndPoint: 127.0.0.1:64771
TpTrace Verbose: 0 : 23860, 5, 2024/07/02, 09:55:44.611, 15405371701730, vstest.console.dll, TestPluginCache.GetExtensionPaths: Filtered extension paths: 
TpTrace Verbose: 0 : 23860, 5, 2024/07/02, 09:55:44.611, 15405371702905, vstest.console.dll, TestPluginCache.GetExtensionPaths: Added default extension paths: C:\Program Files\dotnet\sdk\8.0.102\Extensions\Microsoft.Diagnostics.NETCore.Client.dll
C:\Program Files\dotnet\sdk\8.0.102\Extensions\Microsoft.TestPlatform.Extensions.BlameDataCollector.dll
C:\Program Files\dotnet\sdk\8.0.102\Extensions\Microsoft.TestPlatform.Extensions.EventLogCollector.dll
C:\Program Files\dotnet\sdk\8.0.102\Extensions\Microsoft.TestPlatform.TestHostRuntimeProvider.dll
C:\Program Files\dotnet\sdk\8.0.102\Extensions\Microsoft.VisualStudio.TestPlatform.Extensions.Html.TestLogger.dll
C:\Program Files\dotnet\sdk\8.0.102\Extensions\Microsoft.VisualStudio.TestPlatform.Extensions.Trx.TestLogger.dll
TpTrace Verbose: 0 : 23860, 5, 2024/07/02, 09:55:44.611, 15405371703520, vstest.console.dll, TestPluginCache.GetExtensionPaths: Added unfilterableExtensionPaths: 
TpTrace Verbose: 0 : 23860, 5, 2024/07/02, 09:55:44.615, 15405371740824, vstest.console.dll, TestRequestSender.InitializeExecution: Sending initialize execution with message: {"Version":7,"MessageType":"TestExecution.Initialize","Payload":["C:\\Dev\\Tweedekamer\\Tweedekamer.Tests\\bin\\Debug\\net8.0\\fine-code-coverage\\build-output\\xunit.runner.visualstudio.dotnetcore.testadapter.dll"]}
TpTrace Verbose: 0 : 23860, 5, 2024/07/02, 09:55:44.615, 15405371743236, vstest.console.dll, ParallelProxyExecutionManager.StartTestRunOnConcurrentManager: Execution starting. Started clients: 1
TpTrace Verbose: 0 : 23860, 5, 2024/07/02, 09:55:44.615, 15405371746279, vstest.console.dll, TestRunRequest:SendTestRunMessage: Starting.
TpTrace Verbose: 0 : 23860, 5, 2024/07/02, 09:55:44.615, 15405371747935, vstest.console.dll, MulticastDelegateUtilities.SafeInvoke: TestRun.LogMessages: Invoking callback 1/1 for Microsoft.VisualStudio.TestPlatform.CommandLine.TestRunResultAggregator., took 0 ms.
TpTrace Information: 0 : 23860, 5, 2024/07/02, 09:55:44.615, 15405371748579, vstest.console.dll, TestRunRequest:SendTestRunMessage: Completed.
TpTrace Verbose: 0 : 23860, 4, 2024/07/02, 09:55:44.616, 15405371749995, vstest.console.dll, MulticastDelegateUtilities.SafeInvoke: InternalTestLoggerEvents.SendTestRunMessage: Invoking callback 1/1 for Microsoft.VisualStudio.TestPlatform.CommandLine.Internal.ConsoleLogger., took 0 ms.
TpTrace Warning: 0 : 23860, 5, 2024/07/02, 09:55:44.616, 15405371752934, vstest.console.dll, InferRunSettingsHelper.MakeRunsettingsCompatible: Removing the following settings: TargetPlatform from RunSettings file. To use those settings please move to latest version of Microsoft.NET.Test.Sdk
TpTrace Verbose: 0 : 23860, 7, 2024/07/02, 09:55:44.616, 15405371755868, vstest.console.dll, TcpClientExtensions.MessageLoopAsync: NotifyDataAvailable remoteEndPoint: 127.0.0.1:64772 localEndPoint: 127.0.0.1:64771
TpTrace Verbose: 0 : 23860, 7, 2024/07/02, 09:55:44.617, 15405371760012, vstest.console.dll, TestRequestSender.OnExecutionMessageReceived: Received message: {"Version":7,"MessageType":"TestSession.Message","Payload":{"MessageLevel":0,"Message":"Logging TestHost Diagnostics in file: C:\\Dev\\Tweedekamer\\Tweedekamer.Tests\\bin\\Debug\\net8.0\\fine-code-coverage\\coverage-tool-output\\diagnostics.host.24-07-02_09-55-44_14379_5.log"}}
TpTrace Verbose: 0 : 23860, 7, 2024/07/02, 09:55:44.620, 15405371793361, vstest.console.dll, TestRunRequest:SendTestRunMessage: Starting.
TpTrace Verbose: 0 : 23860, 7, 2024/07/02, 09:55:44.620, 15405371795098, vstest.console.dll, MulticastDelegateUtilities.SafeInvoke: TestRun.LogMessages: Invoking callback 1/1 for Microsoft.VisualStudio.TestPlatform.CommandLine.TestRunResultAggregator., took 0 ms.
TpTrace Verbose: 0 : 23860, 4, 2024/07/02, 09:55:44.620, 15405371795451, vstest.console.dll, MulticastDelegateUtilities.SafeInvoke: InternalTestLoggerEvents.SendTestRunMessage: Invoking callback 1/1 for Microsoft.VisualStudio.TestPlatform.CommandLine.Internal.ConsoleLogger., took 0 ms.
TpTrace Information: 0 : 23860, 7, 2024/07/02, 09:55:44.620, 15405371795726, vstest.console.dll, TestRunRequest:SendTestRunMessage: Completed.
TpTrace Verbose: 0 : 23860, 7, 2024/07/02, 09:55:44.620, 15405371797956, vstest.console.dll, MulticastDelegateUtilities.SafeInvoke: LengthPrefixCommunicationChannel: MessageReceived: Invoking callback 1/1 for Microsoft.VisualStudio.TestPlatform.CommunicationUtilities.TestRequestSender+<>c__DisplayClass34_0., took 4 ms.
TpTrace Verbose: 0 : 23860, 7, 2024/07/02, 09:55:44.620, 15405371798450, vstest.console.dll, TcpClientExtensions.MessageLoopAsync: Polling on remoteEndPoint: 127.0.0.1:64772 localEndPoint: 127.0.0.1:64771
TpTrace Verbose: 0 : 23860, 5, 2024/07/02, 09:55:44.622, 15405371815462, vstest.console.dll, TestRequestSender.StartTestRun: Sending test run with message: {"Version":7,"MessageType":"TestExecution.StartWithSources","Payload":{"AdapterSourceMap":{"_none_":["C:\\Dev\\Tweedekamer\\Tweedekamer.Tests\\bin\\Debug\\net8.0\\fine-code-coverage\\build-output\\Tweedekamer.Tests.dll"]},"RunSettings":"<RunSettings>\r\n  <RunConfiguration>\r\n    <ResultsDirectory>C:\\Dev\\Tweedekamer\\Tweedekamer.Tests\\bin\\Debug\\net8.0\\fine-code-coverage\\coverage-tool-output</ResultsDirectory>\r\n    <TargetFrameworkVersion>.NETCoreApp,Version=v8.0</TargetFrameworkVersion>\r\n    <DesignMode>False</DesignMode>\r\n    <CollectSourceInformation>False</CollectSourceInformation>\r\n  </RunConfiguration>\r\n  <LoggerRunSettings>\r\n    <Loggers>\r\n      <Logger friendlyName=\"blame\" enabled=\"True\" />\r\n      <Logger friendlyName=\"Console\" uri=\"logger://microsoft/TestPlatform/ConsoleLogger/v1\" assemblyQualifiedName=\"Microsoft.VisualStudio.TestPlatform.CommandLine.Internal.ConsoleLogger, vstest.console, Version=15.0.0.0, Culture=neutral, PublicKeyToken=b03f5f7f11d50a3a\" codeBase=\"C:\\Program Files\\dotnet\\sdk\\8.0.102\\vstest.console.dll\" enabled=\"True\" />\r\n    </Loggers>\r\n  </LoggerRunSettings>\r\n  <DataCollectionRunSettings>\r\n    <DataCollectors>\r\n      <DataCollector friendlyName=\"blame\" enabled=\"True\">\r\n        <Configuration>\r\n          <ResultsDirectory>C:\\Dev\\Tweedekamer\\Tweedekamer.Tests\\bin\\Debug\\net8.0\\fine-code-coverage\\coverage-tool-output</ResultsDirectory>\r\n        </Configuration>\r\n      </DataCollector>\r\n    </DataCollectors>\r\n  </DataCollectionRunSettings>\r\n</RunSettings>","TestExecutionContext":{"FrequencyOfRunStatsChangeEvent":10,"RunStatsChangeEventTimeout":"00:00:01.5000000","InIsolation":false,"KeepAlive":false,"AreTestCaseLevelEventsRequired":false,"IsDebug":false,"TestCaseFilter":null,"FilterOptions":null},"Package":null}}
TpTrace Verbose: 0 : 23860, 5, 2024/07/02, 09:55:44.622, 15405371817119, vstest.console.dll, ParallelProxyExecutionManager.StartTestRunOnConcurrentManager: Execution started. Started clients: 1
TpTrace Verbose: 0 : 23860, 7, 2024/07/02, 09:55:44.741, 15405373004553, vstest.console.dll, TcpClientExtensions.MessageLoopAsync: NotifyDataAvailable remoteEndPoint: 127.0.0.1:64772 localEndPoint: 127.0.0.1:64771
TpTrace Verbose: 0 : 23860, 7, 2024/07/02, 09:55:44.741, 15405373006455, vstest.console.dll, TestRequestSender.OnExecutionMessageReceived: Received message: {"Version":7,"MessageType":"TestSession.Message","Payload":{"MessageLevel":0,"Message":"[xUnit.net 00:00:00.00] xUnit.net VSTest Adapter v2.4.5+1caef2f33e (64-bit .NET 8.0.2)"}}
TpTrace Verbose: 0 : 23860, 7, 2024/07/02, 09:55:44.741, 15405373008376, vstest.console.dll, TestRunRequest:SendTestRunMessage: Starting.
TpTrace Verbose: 0 : 23860, 7, 2024/07/02, 09:55:44.742, 15405373009201, vstest.console.dll, MulticastDelegateUtilities.SafeInvoke: TestRun.LogMessages: Invoking callback 1/1 for Microsoft.VisualStudio.TestPlatform.CommandLine.TestRunResultAggregator., took 0 ms.
TpTrace Information: 0 : 23860, 7, 2024/07/02, 09:55:44.742, 15405373009695, vstest.console.dll, TestRunRequest:SendTestRunMessage: Completed.
TpTrace Verbose: 0 : 23860, 4, 2024/07/02, 09:55:44.742, 15405373009785, vstest.console.dll, MulticastDelegateUtilities.SafeInvoke: InternalTestLoggerEvents.SendTestRunMessage: Invoking callback 1/1 for Microsoft.VisualStudio.TestPlatform.CommandLine.Internal.ConsoleLogger., took 0 ms.
TpTrace Verbose: 0 : 23860, 7, 2024/07/02, 09:55:44.742, 15405373010257, vstest.console.dll, MulticastDelegateUtilities.SafeInvoke: LengthPrefixCommunicationChannel: MessageReceived: Invoking callback 1/1 for Microsoft.VisualStudio.TestPlatform.CommunicationUtilities.TestRequestSender+<>c__DisplayClass34_0., took 0 ms.
TpTrace Verbose: 0 : 23860, 7, 2024/07/02, 09:55:44.742, 15405373011663, vstest.console.dll, TcpClientExtensions.MessageLoopAsync: Polling on remoteEndPoint: 127.0.0.1:64772 localEndPoint: 127.0.0.1:64771
TpTrace Verbose: 0 : 23860, 7, 2024/07/02, 09:55:45.754, 15405383132803, vstest.console.dll, TcpClientExtensions.MessageLoopAsync: Polling on remoteEndPoint: 127.0.0.1:64772 localEndPoint: 127.0.0.1:64771
TpTrace Verbose: 0 : 23860, 7, 2024/07/02, 09:55:45.944, 15405385037270, vstest.console.dll, TcpClientExtensions.MessageLoopAsync: NotifyDataAvailable remoteEndPoint: 127.0.0.1:64772 localEndPoint: 127.0.0.1:64771
TpTrace Verbose: 0 : 23860, 7, 2024/07/02, 09:55:45.944, 15405385038635, vstest.console.dll, TestRequestSender.OnExecutionMessageReceived: Received message: {"Version":7,"MessageType":"TestSession.Message","Payload":{"MessageLevel":0,"Message":"[xUnit.net 00:00:01.20]   Discovering: Tweedekamer.Tests"}}
TpTrace Verbose: 0 : 23860, 7, 2024/07/02, 09:55:45.945, 15405385039870, vstest.console.dll, TestRunRequest:SendTestRunMessage: Starting.
TpTrace Verbose: 0 : 23860, 7, 2024/07/02, 09:55:45.945, 15405385040532, vstest.console.dll, MulticastDelegateUtilities.SafeInvoke: TestRun.LogMessages: Invoking callback 1/1 for Microsoft.VisualStudio.TestPlatform.CommandLine.TestRunResultAggregator., took 0 ms.
TpTrace Information: 0 : 23860, 7, 2024/07/02, 09:55:45.945, 15405385040955, vstest.console.dll, TestRunRequest:SendTestRunMessage: Completed.
TpTrace Verbose: 0 : 23860, 4, 2024/07/02, 09:55:45.945, 15405385041183, vstest.console.dll, MulticastDelegateUtilities.SafeInvoke: InternalTestLoggerEvents.SendTestRunMessage: Invoking callback 1/1 for Microsoft.VisualStudio.TestPlatform.CommandLine.Internal.ConsoleLogger., took 0 ms.
TpTrace Verbose: 0 : 23860, 7, 2024/07/02, 09:55:45.945, 15405385041326, vstest.console.dll, MulticastDelegateUtilities.SafeInvoke: LengthPrefixCommunicationChannel: MessageReceived: Invoking callback 1/1 for Microsoft.VisualStudio.TestPlatform.CommunicationUtilities.TestRequestSender+<>c__DisplayClass34_0., took 0 ms.
TpTrace Verbose: 0 : 23860, 7, 2024/07/02, 09:55:45.945, 15405385042504, vstest.console.dll, TcpClientExtensions.MessageLoopAsync: Polling on remoteEndPoint: 127.0.0.1:64772 localEndPoint: 127.0.0.1:64771
TpTrace Verbose: 0 : 23860, 7, 2024/07/02, 09:55:45.970, 15405385298695, vstest.console.dll, TcpClientExtensions.MessageLoopAsync: NotifyDataAvailable remoteEndPoint: 127.0.0.1:64772 localEndPoint: 127.0.0.1:64771
TpTrace Verbose: 0 : 23860, 7, 2024/07/02, 09:55:45.971, 15405385300102, vstest.console.dll, TestRequestSender.OnExecutionMessageReceived: Received message: {"Version":7,"MessageType":"TestSession.Message","Payload":{"MessageLevel":0,"Message":"[xUnit.net 00:00:01.23]   Discovered:  Tweedekamer.Tests"}}
TpTrace Verbose: 0 : 23860, 7, 2024/07/02, 09:55:45.971, 15405385301413, vstest.console.dll, TestRunRequest:SendTestRunMessage: Starting.
TpTrace Verbose: 0 : 23860, 7, 2024/07/02, 09:55:45.971, 15405385302201, vstest.console.dll, MulticastDelegateUtilities.SafeInvoke: TestRun.LogMessages: Invoking callback 1/1 for Microsoft.VisualStudio.TestPlatform.CommandLine.TestRunResultAggregator., took 0 ms.
TpTrace Information: 0 : 23860, 7, 2024/07/02, 09:55:45.971, 15405385302663, vstest.console.dll, TestRunRequest:SendTestRunMessage: Completed.
TpTrace Verbose: 0 : 23860, 4, 2024/07/02, 09:55:45.971, 15405385302835, vstest.console.dll, MulticastDelegateUtilities.SafeInvoke: InternalTestLoggerEvents.SendTestRunMessage: Invoking callback 1/1 for Microsoft.VisualStudio.TestPlatform.CommandLine.Internal.ConsoleLogger., took 0 ms.
TpTrace Verbose: 0 : 23860, 7, 2024/07/02, 09:55:45.971, 15405385303884, vstest.console.dll, MulticastDelegateUtilities.SafeInvoke: LengthPrefixCommunicationChannel: MessageReceived: Invoking callback 1/1 for Microsoft.VisualStudio.TestPlatform.CommunicationUtilities.TestRequestSender+<>c__DisplayClass34_0., took 0 ms.
TpTrace Verbose: 0 : 23860, 7, 2024/07/02, 09:55:45.971, 15405385304583, vstest.console.dll, TcpClientExtensions.MessageLoopAsync: Polling on remoteEndPoint: 127.0.0.1:64772 localEndPoint: 127.0.0.1:64771
TpTrace Verbose: 0 : 23860, 7, 2024/07/02, 09:55:45.973, 15405385323314, vstest.console.dll, TcpClientExtensions.MessageLoopAsync: NotifyDataAvailable remoteEndPoint: 127.0.0.1:64772 localEndPoint: 127.0.0.1:64771
TpTrace Verbose: 0 : 23860, 7, 2024/07/02, 09:55:45.973, 15405385324469, vstest.console.dll, TestRequestSender.OnExecutionMessageReceived: Received message: {"Version":7,"MessageType":"TestSession.Message","Payload":{"MessageLevel":0,"Message":"[xUnit.net 00:00:01.23]   Starting:    Tweedekamer.Tests"}}
TpTrace Verbose: 0 : 23860, 7, 2024/07/02, 09:55:45.973, 15405385325563, vstest.console.dll, TestRunRequest:SendTestRunMessage: Starting.
TpTrace Verbose: 0 : 23860, 7, 2024/07/02, 09:55:45.973, 15405385326413, vstest.console.dll, MulticastDelegateUtilities.SafeInvoke: TestRun.LogMessages: Invoking callback 1/1 for Microsoft.VisualStudio.TestPlatform.CommandLine.TestRunResultAggregator., took 0 ms.
TpTrace Verbose: 0 : 23860, 4, 2024/07/02, 09:55:45.973, 15405385326893, vstest.console.dll, MulticastDelegateUtilities.SafeInvoke: InternalTestLoggerEvents.SendTestRunMessage: Invoking callback 1/1 for Microsoft.VisualStudio.TestPlatform.CommandLine.Internal.ConsoleLogger., took 0 ms.
TpTrace Information: 0 : 23860, 7, 2024/07/02, 09:55:45.973, 15405385326944, vstest.console.dll, TestRunRequest:SendTestRunMessage: Completed.
TpTrace Verbose: 0 : 23860, 7, 2024/07/02, 09:55:45.973, 15405385328597, vstest.console.dll, MulticastDelegateUtilities.SafeInvoke: LengthPrefixCommunicationChannel: MessageReceived: Invoking callback 1/1 for Microsoft.VisualStudio.TestPlatform.CommunicationUtilities.TestRequestSender+<>c__DisplayClass34_0., took 0 ms.
TpTrace Verbose: 0 : 23860, 7, 2024/07/02, 09:55:45.974, 15405385329112, vstest.console.dll, TcpClientExtensions.MessageLoopAsync: Polling on remoteEndPoint: 127.0.0.1:64772 localEndPoint: 127.0.0.1:64771
TpTrace Verbose: 0 : 23860, 7, 2024/07/02, 09:55:46.411, 15405389706775, vstest.console.dll, TcpClientExtensions.MessageLoopAsync: NotifyDataAvailable remoteEndPoint: 127.0.0.1:64772 localEndPoint: 127.0.0.1:64771
TpTrace Verbose: 0 : 23860, 7, 2024/07/02, 09:55:46.411, 15405389708256, vstest.console.dll, TestRequestSender.OnExecutionMessageReceived: Received message: {"Version":7,"MessageType":"TestExecution.StatsChange","Payload":{"NewTestResults":[],"TestRunStatistics":{"ExecutedTests":0,"Stats":{}},"ActiveTests":[{"Id":"28a8f9da-a928-33d7-4018-2760fda8df73","FullyQualifiedName":"Tweedekamer.Tests.BlogTests.GetBlogPosts_ReturnsCorrectNumberOfBlogPosts","DisplayName":"Tweedekamer.Tests.BlogTests.GetBlogPosts_ReturnsCorrectNumberOfBlogPosts","ExecutorUri":"executor://xunit/VsTestRunner2/netcoreapp","Source":"C:\\Dev\\Tweedekamer\\Tweedekamer.Tests\\bin\\Debug\\net8.0\\fine-code-coverage\\build-output\\Tweedekamer.Tests.dll","CodeFilePath":null,"LineNumber":0,"Properties":[]}]}}
TpTrace Verbose: 0 : 23860, 7, 2024/07/02, 09:55:46.421, 15405389799358, vstest.console.dll, TestRunRequest:SendTestRunStatsChange: Starting.
TpTrace Verbose: 0 : 23860, 7, 2024/07/02, 09:55:46.421, 15405389800535, vstest.console.dll, InProgress is Tweedekamer.Tests.BlogTests.GetBlogPosts_ReturnsCorrectNumberOfBlogPosts
TpTrace Verbose: 0 : 23860, 7, 2024/07/02, 09:55:46.421, 15405389801411, vstest.console.dll, MulticastDelegateUtilities.SafeInvoke: TestRun.RunStatsChanged: Invoking callbacks was skipped because there are no subscribers.
TpTrace Information: 0 : 23860, 7, 2024/07/02, 09:55:46.421, 15405389801958, vstest.console.dll, TestRunRequest:SendTestRunStatsChange: Completed.
TpTrace Verbose: 0 : 23860, 7, 2024/07/02, 09:55:46.421, 15405389802346, vstest.console.dll, MulticastDelegateUtilities.SafeInvoke: LengthPrefixCommunicationChannel: MessageReceived: Invoking callback 1/1 for Microsoft.VisualStudio.TestPlatform.CommunicationUtilities.TestRequestSender+<>c__DisplayClass34_0., took 9 ms.
TpTrace Verbose: 0 : 23860, 7, 2024/07/02, 09:55:46.421, 15405389802683, vstest.console.dll, TcpClientExtensions.MessageLoopAsync: Polling on remoteEndPoint: 127.0.0.1:64772 localEndPoint: 127.0.0.1:64771
TpTrace Verbose: 0 : 23860, 7, 2024/07/02, 09:55:46.705, 15405392641775, vstest.console.dll, TcpClientExtensions.MessageLoopAsync: NotifyDataAvailable remoteEndPoint: 127.0.0.1:64772 localEndPoint: 127.0.0.1:64771
TpTrace Verbose: 0 : 23860, 7, 2024/07/02, 09:55:46.705, 15405392642922, vstest.console.dll, TestRequestSender.OnExecutionMessageReceived: Received message: {"Version":7,"MessageType":"TestSession.Message","Payload":{"MessageLevel":0,"Message":"[xUnit.net 00:00:01.96]   Finished:    Tweedekamer.Tests"}}
TpTrace Verbose: 0 : 23860, 7, 2024/07/02, 09:55:46.705, 15405392644001, vstest.console.dll, TestRunRequest:SendTestRunMessage: Starting.
TpTrace Verbose: 0 : 23860, 7, 2024/07/02, 09:55:46.705, 15405392644583, vstest.console.dll, MulticastDelegateUtilities.SafeInvoke: TestRun.LogMessages: Invoking callback 1/1 for Microsoft.VisualStudio.TestPlatform.CommandLine.TestRunResultAggregator., took 0 ms.
TpTrace Information: 0 : 23860, 7, 2024/07/02, 09:55:46.705, 15405392644957, vstest.console.dll, TestRunRequest:SendTestRunMessage: Completed.
TpTrace Verbose: 0 : 23860, 4, 2024/07/02, 09:55:46.705, 15405392645169, vstest.console.dll, MulticastDelegateUtilities.SafeInvoke: InternalTestLoggerEvents.SendTestRunMessage: Invoking callback 1/1 for Microsoft.VisualStudio.TestPlatform.CommandLine.Internal.ConsoleLogger., took 0 ms.
TpTrace Verbose: 0 : 23860, 7, 2024/07/02, 09:55:46.705, 15405392645294, vstest.console.dll, MulticastDelegateUtilities.SafeInvoke: LengthPrefixCommunicationChannel: MessageReceived: Invoking callback 1/1 for Microsoft.VisualStudio.TestPlatform.CommunicationUtilities.TestRequestSender+<>c__DisplayClass34_0., took 0 ms.
TpTrace Verbose: 0 : 23860, 7, 2024/07/02, 09:55:46.705, 15405392646491, vstest.console.dll, TcpClientExtensions.MessageLoopAsync: Polling on remoteEndPoint: 127.0.0.1:64772 localEndPoint: 127.0.0.1:64771
TpTrace Verbose: 0 : 23860, 7, 2024/07/02, 09:55:46.725, 15405392846265, vstest.console.dll, TcpClientExtensions.MessageLoopAsync: NotifyDataAvailable remoteEndPoint: 127.0.0.1:64772 localEndPoint: 127.0.0.1:64771
TpTrace Verbose: 0 : 23860, 7, 2024/07/02, 09:55:46.725, 15405392848062, vstest.console.dll, TestRequestSender.OnExecutionMessageReceived: Received message: {"Version":7,"MessageType":"TestExecution.Completed","Payload":{"TestRunCompleteArgs":{"TestRunStatistics":{"ExecutedTests":5,"Stats":{"Passed":5}},"IsCanceled":false,"IsAborted":false,"Error":null,"AttachmentSets":[],"InvokedDataCollectors":[],"ElapsedTimeInRunningTests":"00:00:01.9767668","Metrics":{},"DiscoveredExtensions":{"TestDiscoverers":["Xunit.Runner.VisualStudio.VsTestRunner, xunit.runner.visualstudio.dotnetcore.testadapter, Version=2.4.0.0, Culture=neutral, PublicKeyToken=8d05b1bb7a6fdb6c"],"TestExecutors":["executor://xunit/VsTestRunner2/netcoreapp"],"TestExecutors2":[],"TestSettingsProviders":[]}},"LastRunTests":{"NewTestResults":[{"TestCase":{"Id":"28a8f9da-a928-33d7-4018-2760fda8df73","FullyQualifiedName":"Tweedekamer.Tests.BlogTests.GetBlogPosts_ReturnsCorrectNumberOfBlogPosts","DisplayName":"Tweedekamer.Tests.BlogTests.GetBlogPosts_ReturnsCorrectNumberOfBlogPosts","ExecutorUri":"executor://xunit/VsTestRunner2/netcoreapp","Source":"C:\\Dev\\Tweedekamer\\Tweedekamer.Tests\\bin\\Debug\\net8.0\\fine-code-coverage\\build-output\\Tweedekamer.Tests.dll","CodeFilePath":null,"LineNumber":0,"Properties":[]},"Attachments":[],"Outcome":1,"ErrorMessage":null,"ErrorStackTrace":null,"DisplayName":"Tweedekamer.Tests.BlogTests.GetBlogPosts_ReturnsCorrectNumberOfBlogPosts","Messages":[],"ComputerName":"LBNL733354","Duration":"00:00:00.2189407","StartTime":"2024-07-02T07:55:46.6204542+00:00","EndTime":"2024-07-02T07:55:46.6204719+00:00","Properties":[]},{"TestCase":{"Id":"6597bd8d-97c6-e0b5-eef5-a4acdd0d296c","FullyQualifiedName":"Tweedekamer.Tests.BlogTests.UpdateBlogPost_UpdatesCorrectly","DisplayName":"Tweedekamer.Tests.BlogTests.UpdateBlogPost_UpdatesCorrectly","ExecutorUri":"executor://xunit/VsTestRunner2/netcoreapp","Source":"C:\\Dev\\Tweedekamer\\Tweedekamer.Tests\\bin\\Debug\\net8.0\\fine-code-coverage\\build-output\\Tweedekamer.Tests.dll","CodeFilePath":null,"LineNumber":0,"Properties":[]},"Attachments":[],"Outcome":1,"ErrorMessage":null,"ErrorStackTrace":null,"DisplayName":"Tweedekamer.Tests.BlogTests.UpdateBlogPost_UpdatesCorrectly","Messages":[],"ComputerName":"LBNL733354","Duration":"00:00:00.0124627","StartTime":"2024-07-02T07:55:46.6368608+00:00","EndTime":"2024-07-02T07:55:46.636861+00:00","Properties":[]},{"TestCase":{"Id":"906d72a8-ac93-8f28-3a8f-71144f4a26e5","FullyQualifiedName":"Tweedekamer.Tests.BlogTests.DeleteBlogPost_ValidId_DeletesBlogPost","DisplayName":"Tweedekamer.Tests.BlogTests.DeleteBlogPost_ValidId_DeletesBlogPost","ExecutorUri":"executor://xunit/VsTestRunner2/netcoreapp","Source":"C:\\Dev\\Tweedekamer\\Tweedekamer.Tests\\bin\\Debug\\net8.0\\fine-code-coverage\\build-output\\Tweedekamer.Tests.dll","CodeFilePath":null,"LineNumber":0,"Properties":[]},"Attachments":[],"Outcome":1,"ErrorMessage":null,"ErrorStackTrace":null,"DisplayName":"Tweedekamer.Tests.BlogTests.DeleteBlogPost_ValidId_DeletesBlogPost","Messages":[],"ComputerName":"LBNL733354","Duration":"00:00:00.0622046","StartTime":"2024-07-02T07:55:46.6946551+00:00","EndTime":"2024-07-02T07:55:46.6946553+00:00","Properties":[]},{"TestCase":{"Id":"aaa9dc0e-4ce0-f0cb-ae1d-6336ad8da6c7","FullyQualifiedName":"Tweedekamer.Tests.BlogTests.GetBlogPost_ValidId_ReturnsCorrectBlogPost","DisplayName":"Tweedekamer.Tests.BlogTests.GetBlogPost_ValidId_ReturnsCorrectBlogPost","ExecutorUri":"executor://xunit/VsTestRunner2/netcoreapp","Source":"C:\\Dev\\Tweedekamer\\Tweedekamer.Tests\\bin\\Debug\\net8.0\\fine-code-coverage\\build-output\\Tweedekamer.Tests.dll","CodeFilePath":null,"LineNumber":0,"Properties":[]},"Attachments":[],"Outcome":1,"ErrorMessage":null,"ErrorStackTrace":null,"DisplayName":"Tweedekamer.Tests.BlogTests.GetBlogPost_ValidId_ReturnsCorrectBlogPost","Messages":[],"ComputerName":"LBNL733354","Duration":"00:00:00.0013107","StartTime":"2024-07-02T07:55:46.6972171+00:00","EndTime":"2024-07-02T07:55:46.6972173+00:00","Properties":[]},{"TestCase":{"Id":"a84acfac-6784-7ec2-6071-7044ac1f728c","FullyQualifiedName":"Tweedekamer.Tests.BlogTests.CreateBlogPost_ValidBlogPost_CreatesBlogPost","DisplayName":"Tweedekamer.Tests.BlogTests.CreateBlogPost_ValidBlogPost_CreatesBlogPost","ExecutorUri":"executor://xunit/VsTestRunner2/netcoreapp","Source":"C:\\Dev\\Tweedekamer\\Tweedekamer.Tests\\bin\\Debug\\net8.0\\fine-code-coverage\\build-output\\Tweedekamer.Tests.dll","CodeFilePath":null,"LineNumber":0,"Properties":[]},"Attachments":[],"Outcome":1,"ErrorMessage":null,"ErrorStackTrace":null,"DisplayName":"Tweedekamer.Tests.BlogTests.CreateBlogPost_ValidBlogPost_CreatesBlogPost","Messages":[],"ComputerName":"LBNL733354","Duration":"00:00:00.0017703","StartTime":"2024-07-02T07:55:46.6994076+00:00","EndTime":"2024-07-02T07:55:46.6994078+00:00","Properties":[]}],"TestRunStatistics":{"ExecutedTests":5,"Stats":{"Passed":5}},"ActiveTests":[]},"RunAttachments":[],"ExecutorUris":["executor://xunit/VsTestRunner2/netcoreapp"]}}
TpTrace Verbose: 0 : 23860, 7, 2024/07/02, 09:55:46.726, 15405392849169, vstest.console.dll, TestRequestSender.EndSession: Sending end session.
TpTrace Verbose: 0 : 23860, 7, 2024/07/02, 09:55:46.726, 15405392850561, vstest.console.dll, ProxyOperationManager.Close: waiting for test host to exit for 100 ms
TpTrace Verbose: 0 : 23860, 12, 2024/07/02, 09:55:46.744, 15405393032320, vstest.console.dll, TestHostManagerCallbacks.ctor: Experimental forwarding output is disabled.
TpTrace Warning: 0 : 23860, 12, 2024/07/02, 09:55:46.744, 15405393033614, vstest.console.dll, TestHostManagerCallbacks.ErrorReceivedCallback Test host standard error line: 
TpTrace Verbose: 0 : 23860, 12, 2024/07/02, 09:55:46.779, 15405393382044, vstest.console.dll, TestHostProvider.ExitCallBack: Host exited starting callback.
TpTrace Information: 0 : 23860, 12, 2024/07/02, 09:55:46.779, 15405393383407, vstest.console.dll, TestHostManagerCallbacks.ExitCallBack: Testhost processId: 13648 exited with exitcode: 0 error: ''
TpTrace Verbose: 0 : 23860, 12, 2024/07/02, 09:55:46.779, 15405393383941, vstest.console.dll, DotnetTestHostManager.OnHostExited: invoking OnHostExited callback
TpTrace Verbose: 0 : 23860, 12, 2024/07/02, 09:55:46.779, 15405393384450, vstest.console.dll, CrossPlatEngine.TestHostManagerHostExited: calling on client process exit callback.
TpTrace Information: 0 : 23860, 12, 2024/07/02, 09:55:46.779, 15405393385016, vstest.console.dll, TestRequestSender.OnClientProcessExit: Test host process exited. Standard error: 
TpTrace Information: 0 : 23860, 12, 2024/07/02, 09:55:46.779, 15405393385475, vstest.console.dll, SocketServer.Stop: Stop server endPoint: 127.0.0.1:64771
TpTrace Information: 0 : 23860, 7, 2024/07/02, 09:55:46.779, 15405393385689, vstest.console.dll, SocketServer.Stop: Stop server endPoint: 127.0.0.1:64771
TpTrace Information: 0 : 23860, 7, 2024/07/02, 09:55:46.779, 15405393386367, vstest.console.dll, SocketServer.Stop: Cancellation requested. Stopping message loop.
TpTrace Information: 0 : 23860, 12, 2024/07/02, 09:55:46.779, 15405393385808, vstest.console.dll, SocketServer.Stop: Cancellation requested. Stopping message loop.
TpTrace Verbose: 0 : 23860, 12, 2024/07/02, 09:55:46.779, 15405393387910, vstest.console.dll, MulticastDelegateUtilities.SafeInvoke: HostProviderEvents.OnHostExited: Invoking callback 1/1 for Microsoft.VisualStudio.TestPlatform.CrossPlatEngine.Client.ProxyOperationManager., took 0 ms.
TpTrace Information: 0 : 23860, 7, 2024/07/02, 09:55:46.779, 15405393387405, vstest.console.dll, Closing the connection
TpTrace Verbose: 0 : 23860, 7, 2024/07/02, 09:55:46.780, 15405393390737, vstest.console.dll, ProxyDataCollectionManager.InvokeDataCollectionServiceAction: Starting.
TpTrace Information: 0 : 23860, 7, 2024/07/02, 09:55:46.780, 15405393391294, vstest.console.dll, ProxyDataCollectionManager.AfterTestRunEnd: Get attachment set and invoked data collectors processId: 26568 port: 64764
TpTrace Verbose: 0 : 23860, 7, 2024/07/02, 09:55:46.780, 15405393391805, vstest.console.dll, DataCollectionRequestSender.SendAfterTestRunStartAndGetResult: Send AfterTestRunEnd message with isCancelled: False
TpTrace Verbose: 0 : 23860, 7, 2024/07/02, 09:55:46.785, 15405393445026, vstest.console.dll, DataCollectionRequestSender.SendAfterTestRunStartAndGetResult: Received message: (DataCollection.AfterTestRunEndResult) -> {"MessageType":"DataCollection.AfterTestRunEndResult","Payload":{"AttachmentSets":[],"InvokedDataCollectors":[{"Uri":"datacollector://Microsoft/TestPlatform/Extensions/Blame/v1","FriendlyName":"Blame","AssemblyQualifiedName":"Microsoft.TestPlatform.Extensions.BlameDataCollector.BlameCollector, Microsoft.TestPlatform.Extensions.BlameDataCollector, Version=15.0.0.0, Culture=neutral, PublicKeyToken=b03f5f7f11d50a3a","FilePath":"C:\\Program Files\\dotnet\\sdk\\8.0.102\\Extensions\\Microsoft.TestPlatform.Extensions.BlameDataCollector.dll","HasAttachmentProcessor":false}],"Metrics":{}}}
TpTrace Information: 0 : 23860, 7, 2024/07/02, 09:55:46.789, 15405393484571, vstest.console.dll, ProxyDataCollectionManager.InvokeDataCollectionServiceAction: Completed.
TpTrace Warning: 0 : 23860, 10, 2024/07/02, 09:55:46.794, 15405393529947, vstest.console.dll, DataCollectionLauncher.ErrorReceivedCallback datacollector standard error line: 
TpTrace Information: 0 : 23860, 10, 2024/07/02, 09:55:46.803, 15405393627014, vstest.console.dll, DataCollectionLauncher.ExitCallBack: Data collector exited with exitcode: 0 error: ''
TpTrace Verbose: 0 : 23860, 7, 2024/07/02, 09:55:46.824, 15405393834661, vstest.console.dll, TestRunRequest:SendTestRunStatsChange: Starting.
TpTrace Verbose: 0 : 23860, 7, 2024/07/02, 09:55:46.824, 15405393836343, vstest.console.dll, MulticastDelegateUtilities.SafeInvoke: TestRun.RunStatsChanged: Invoking callbacks was skipped because there are no subscribers.
TpTrace Information: 0 : 23860, 7, 2024/07/02, 09:55:46.824, 15405393836809, vstest.console.dll, TestRunRequest:SendTestRunStatsChange: Completed.
TpTrace Verbose: 0 : 23860, 7, 2024/07/02, 09:55:46.824, 15405393838977, vstest.console.dll, ParallelProxyExecutionManager: HandlePartialRunComplete: Total workloads = 1, Total started clients = 1 Total completed clients = 1, Run complete = True, Run canceled: False.
TpTrace Verbose: 0 : 23860, 7, 2024/07/02, 09:55:46.825, 15405393839550, vstest.console.dll, ParallelProxyExecutionManager: HandlePartialRunComplete: All runs completed stopping all managers.
TpTrace Verbose: 0 : 23860, 7, 2024/07/02, 09:55:46.825, 15405393839983, vstest.console.dll, ParallelOperationManager.StopAllManagers: Stopping all managers.
TpTrace Verbose: 0 : 23860, 7, 2024/07/02, 09:55:46.825, 15405393840362, vstest.console.dll, ParallelOperationManager.ClearSlots: Clearing all slots. Slots should accept more work: False
TpTrace Verbose: 0 : 23860, 7, 2024/07/02, 09:55:46.825, 15405393840837, vstest.console.dll, ParallelOperationManager.SetOccupiedSlotCount: Setting slot counts AvailableSlotCount = 1, OccupiedSlotCount = 0.
TpTrace Verbose: 0 : 23860, 7, 2024/07/02, 09:55:46.825, 15405393841356, vstest.console.dll, Occupied slots:

TpTrace Verbose: 0 : 23860, 4, 2024/07/02, 09:55:46.825, 15405393848457, vstest.console.dll, MulticastDelegateUtilities.SafeInvoke: InternalTestLoggerEvents.SendTestResult: Invoking callback 1/1 for Microsoft.VisualStudio.TestPlatform.CommandLine.Internal.ConsoleLogger., took 1 ms.
TpTrace Verbose: 0 : 23860, 4, 2024/07/02, 09:55:46.826, 15405393850598, vstest.console.dll, MulticastDelegateUtilities.SafeInvoke: InternalTestLoggerEvents.SendTestResult: Invoking callback 1/1 for Microsoft.VisualStudio.TestPlatform.CommandLine.Internal.ConsoleLogger., took 0 ms.
TpTrace Verbose: 0 : 23860, 4, 2024/07/02, 09:55:46.826, 15405393851278, vstest.console.dll, MulticastDelegateUtilities.SafeInvoke: InternalTestLoggerEvents.SendTestResult: Invoking callback 1/1 for Microsoft.VisualStudio.TestPlatform.CommandLine.Internal.ConsoleLogger., took 0 ms.
TpTrace Verbose: 0 : 23860, 4, 2024/07/02, 09:55:46.826, 15405393851786, vstest.console.dll, MulticastDelegateUtilities.SafeInvoke: InternalTestLoggerEvents.SendTestResult: Invoking callback 1/1 for Microsoft.VisualStudio.TestPlatform.CommandLine.Internal.ConsoleLogger., took 0 ms.
TpTrace Verbose: 0 : 23860, 4, 2024/07/02, 09:55:46.826, 15405393852259, vstest.console.dll, MulticastDelegateUtilities.SafeInvoke: InternalTestLoggerEvents.SendTestResult: Invoking callback 1/1 for Microsoft.VisualStudio.TestPlatform.CommandLine.Internal.ConsoleLogger., took 0 ms.
TpTrace Verbose: 0 : 23860, 4, 2024/07/02, 09:55:46.831, 15405393904875, vstest.console.dll, MulticastDelegateUtilities.SafeInvoke: InternalTestLoggerEvents.SendTestRunComplete: Invoking callback 1/2 for Microsoft.TestPlatform.Extensions.BlameDataCollector.BlameLogger., took 0 ms.
TpTrace Verbose: 0 : 23860, 4, 2024/07/02, 09:55:46.835, 15405393945119, vstest.console.dll, MulticastDelegateUtilities.SafeInvoke: InternalTestLoggerEvents.SendTestRunComplete: Invoking callback 2/2 for Microsoft.VisualStudio.TestPlatform.CommandLine.Internal.ConsoleLogger., took 3 ms.
TpTrace Verbose: 0 : 23860, 7, 2024/07/02, 09:55:46.835, 15405393948582, vstest.console.dll, TestRunRequest:TestRunComplete: Starting. IsAborted:False IsCanceled:False.
TpTrace Verbose: 0 : 23860, 7, 2024/07/02, 09:55:46.836, 15405393949900, vstest.console.dll, ParallelOperationManager.DoActionOnAllManagers: Calling an action on all managers.
TpTrace Verbose: 0 : 23860, 7, 2024/07/02, 09:55:46.836, 15405393956644, vstest.console.dll, TestLoggerManager.HandleTestRunComplete: Ignoring as the object is disposed.
TpTrace Verbose: 0 : 23860, 7, 2024/07/02, 09:55:46.836, 15405393958135, vstest.console.dll, MulticastDelegateUtilities.SafeInvoke: TestRun.TestRunComplete: Invoking callback 1/2 for Microsoft.VisualStudio.TestPlatform.CommandLine.TestRunResultAggregator., took 0 ms.
TpTrace Verbose: 0 : 23860, 7, 2024/07/02, 09:55:46.837, 15405393959108, vstest.console.dll, MulticastDelegateUtilities.SafeInvoke: TestRun.TestRunComplete: Invoking callback 2/2 for Microsoft.VisualStudio.TestPlatform.CommandLine.Processors.RunTestsArgumentExecutor+TestRunRequestEventsRegistrar., took 0 ms.
TpTrace Information: 0 : 23860, 7, 2024/07/02, 09:55:46.837, 15405393959984, vstest.console.dll, TestRunRequest:TestRunComplete: Completed.
TpTrace Verbose: 0 : 23860, 7, 2024/07/02, 09:55:46.837, 15405393960415, vstest.console.dll, TestRequestSender.SetOperationComplete: Setting operation complete.
TpTrace Information: 0 : 23860, 7, 2024/07/02, 09:55:46.837, 15405393960816, vstest.console.dll, SocketServer.Stop: Stop server endPoint: 127.0.0.1:64771
TpTrace Information: 0 : 23860, 7, 2024/07/02, 09:55:46.837, 15405393961221, vstest.console.dll, SocketServer.Stop: Cancellation requested. Stopping message loop.
TpTrace Verbose: 0 : 23860, 7, 2024/07/02, 09:55:46.837, 15405393961697, vstest.console.dll, MulticastDelegateUtilities.SafeInvoke: LengthPrefixCommunicationChannel: MessageReceived: Invoking callback 1/1 for Microsoft.VisualStudio.TestPlatform.CommunicationUtilities.TestRequestSender+<>c__DisplayClass34_0., took 111 ms.
TpTrace Information: 0 : 23860, 7, 2024/07/02, 09:55:46.837, 15405393962121, vstest.console.dll, SocketServer.PrivateStop: Stopping server endPoint: 127.0.0.1:64771 error: 
TpTrace Verbose: 0 : 23860, 1, 2024/07/02, 09:55:46.837, 15405393960553, vstest.console.dll, TestRunRequest.Dispose: Starting.
TpTrace Information: 0 : 23860, 1, 2024/07/02, 09:55:46.837, 15405393963713, vstest.console.dll, TestRunRequest.Dispose: Completed.
TpTrace Information: 0 : 23860, 1, 2024/07/02, 09:55:46.837, 15405393964208, vstest.console.dll, TestRequestManager.RunTests: run tests completed.
TpTrace Information: 0 : 23860, 1, 2024/07/02, 09:55:46.837, 15405393964936, vstest.console.dll, RunTestsArgumentProcessor:Execute: Test run is completed.
TpTrace Verbose: 0 : 23860, 1, 2024/07/02, 09:55:46.837, 15405393966668, vstest.console.dll, Executor.Execute: Exiting with exit code of 0
TpTrace Verbose: 0 : 23860, 7, 2024/07/02, 09:55:46.837, 15405393966809, vstest.console.dll, LengthPrefixCommunicationChannel.Dispose: Dispose reader and writer.
TpTrace Information: 0 : 23860, 7, 2024/07/02, 09:55:46.837, 15405393967605, vstest.console.dll, SocketServer.Stop: Raise disconnected event endPoint: 127.0.0.1:64771 error: 
TpTrace Verbose: 0 : 23860, 7, 2024/07/02, 09:55:46.837, 15405393968326, vstest.console.dll, TestRequestSender: OnTestRunAbort: Operation is already complete. Skip error message.
TpTrace Verbose: 0 : 23860, 7, 2024/07/02, 09:55:46.837, 15405393968760, vstest.console.dll, MulticastDelegateUtilities.SafeInvoke: SocketServer: ClientDisconnected: Invoking callback 1/1 for Microsoft.VisualStudio.TestPlatform.CommunicationUtilities.TestRequestSender., took 0 ms.
TpTrace Verbose: 0 : 23860, 7, 2024/07/02, 09:55:46.838, 15405393969099, vstest.console.dll, TcpClientExtensions.MessageLoopAsync: exiting MessageLoopAsync remoteEndPoint: 127.0.0.1:64772 localEndPoint: 127.0.0.1:64771
